2001.11.20 17:26 B C:\Trindikit\godis2.newsyntax\Home\database_home.pl <-- enterprise /users/ling/sl/Jobb/TRINDI/TRINDIKIT/godis2.newsyntax/Home database_home.pl
2001.11.20 17:26 B C:\Trindikit\godis2.newsyntax\Home\database_home.pl~ <-- enterprise /users/ling/sl/Jobb/TRINDI/TRINDIKIT/godis2.newsyntax/Home database_home.pl~
2001.11.20 17:26 B C:\Trindikit\godis2.newsyntax\Home\device_dim10.pl <-- enterprise /users/ling/sl/Jobb/TRINDI/TRINDIKIT/godis2.newsyntax/Home device_dim10.pl
2001.11.20 17:26 B C:\Trindikit\godis2.newsyntax\Home\device_dimmer.pl <-- enterprise /users/ling/sl/Jobb/TRINDI/TRINDIKIT/godis2.newsyntax/Home device_dimmer.pl
2001.11.20 17:26 B C:\Trindikit\godis2.newsyntax\Home\device_dimmer.pl~ <-- enterprise /users/ling/sl/Jobb/TRINDI/TRINDIKIT/godis2.newsyntax/Home device_dimmer.pl~
2001.11.20 17:26 B C:\Trindikit\godis2.newsyntax\Home\device_home.pl <-- enterprise /users/ling/sl/Jobb/TRINDI/TRINDIKIT/godis2.newsyntax/Home device_home.pl
2001.11.20 17:26 B C:\Trindikit\godis2.newsyntax\Home\device_lux.pl <-- enterprise /users/ling/sl/Jobb/TRINDI/TRINDIKIT/godis2.newsyntax/Home device_lux.pl
2001.11.20 17:26 B C:\Trindikit\godis2.newsyntax\Home\device_lux.pl~ <-- enterprise /users/ling/sl/Jobb/TRINDI/TRINDIKIT/godis2.newsyntax/Home device_lux.pl~
2001.11.20 17:27 B C:\Trindikit\godis2.newsyntax\Home\device_rel.pl <-- enterprise /users/ling/sl/Jobb/TRINDI/TRINDIKIT/godis2.newsyntax/Home device_rel.pl
2001.11.20 17:27 B C:\Trindikit\godis2.newsyntax\Home\device_rel.pl~ <-- enterprise /users/ling/sl/Jobb/TRINDI/TRINDIKIT/godis2.newsyntax/Home device_rel.pl~
2001.11.20 17:27 B C:\Trindikit\godis2.newsyntax\Home\device_rel1.pl <-- enterprise /users/ling/sl/Jobb/TRINDI/TRINDIKIT/godis2.newsyntax/Home device_rel1.pl
2001.11.20 17:27 B C:\Trindikit\godis2.newsyntax\Home\device_rel1.pl~ <-- enterprise /users/ling/sl/Jobb/TRINDI/TRINDIKIT/godis2.newsyntax/Home device_rel1.pl~
2001.11.20 17:27 B C:\Trindikit\godis2.newsyntax\Home\device_rel2.pl <-- enterprise /users/ling/sl/Jobb/TRINDI/TRINDIKIT/godis2.newsyntax/Home device_rel2.pl
2001.11.20 17:27 B C:\Trindikit\godis2.newsyntax\Home\device_rel2.pl~ <-- enterprise /users/ling/sl/Jobb/TRINDI/TRINDIKIT/godis2.newsyntax/Home device_rel2.pl~
2001.11.20 17:27 B C:\Trindikit\godis2.newsyntax\Home\device_rel3.pl <-- enterprise /users/ling/sl/Jobb/TRINDI/TRINDIKIT/godis2.newsyntax/Home device_rel3.pl
2001.11.20 17:27 B C:\Trindikit\godis2.newsyntax\Home\device_rel3.pl~ <-- enterprise /users/ling/sl/Jobb/TRINDI/TRINDIKIT/godis2.newsyntax/Home device_rel3.pl~
2001.11.20 17:27 B C:\Trindikit\godis2.newsyntax\Home\device_rel4.pl <-- enterprise /users/ling/sl/Jobb/TRINDI/TRINDIKIT/godis2.newsyntax/Home device_rel4.pl
2001.11.20 17:27 B C:\Trindikit\godis2.newsyntax\Home\device_rel4.pl~ <-- enterprise /users/ling/sl/Jobb/TRINDI/TRINDIKIT/godis2.newsyntax/Home device_rel4.pl~
2001.11.20 17:27 B C:\Trindikit\godis2.newsyntax\Home\device_telephone.pl <-- enterprise /users/ling/sl/Jobb/TRINDI/TRINDIKIT/godis2.newsyntax/Home device_telephone.pl
2001.11.20 17:27 B C:\Trindikit\godis2.newsyntax\Home\device_temp3.pl <-- enterprise /users/ling/sl/Jobb/TRINDI/TRINDIKIT/godis2.newsyntax/Home device_temp3.pl
2001.11.20 17:27 B C:\Trindikit\godis2.newsyntax\Home\device_temp3.pl~ <-- enterprise /users/ling/sl/Jobb/TRINDI/TRINDIKIT/godis2.newsyntax/Home device_temp3.pl~
2001.11.20 17:27 B C:\Trindikit\godis2.newsyntax\Home\domain_home.pl <-- enterprise /users/ling/sl/Jobb/TRINDI/TRINDIKIT/godis2.newsyntax/Home domain_home.pl
2001.11.20 17:27 B C:\Trindikit\godis2.newsyntax\Home\domain_home.pl~ <-- enterprise /users/ling/sl/Jobb/TRINDI/TRINDIKIT/godis2.newsyntax/Home domain_home.pl~
2001.11.20 17:27 B C:\Trindikit\godis2.newsyntax\Home\lexicon_home_english.pl <-- enterprise /users/ling/sl/Jobb/TRINDI/TRINDIKIT/godis2.newsyntax/Home lexicon_home_english.pl
2001.11.20 17:27 B C:\Trindikit\godis2.newsyntax\Home\lexicon_home_english.pl~ <-- enterprise /users/ling/sl/Jobb/TRINDI/TRINDIKIT/godis2.newsyntax/Home lexicon_home_english.pl~
2001.11.20 17:27 B C:\Trindikit\godis2.newsyntax\Home\lexicon_home_svenska.pl <-- enterprise /users/ling/sl/Jobb/TRINDI/TRINDIKIT/godis2.newsyntax/Home lexicon_home_svenska.pl
2001.11.20 17:27 B C:\Trindikit\godis2.newsyntax\Home\telia_house.pl <-- enterprise /users/ling/sl/Jobb/TRINDI/TRINDIKIT/godis2.newsyntax/Home telia_house.pl
2001.11.20 18:10 B C:\Trindikit\godis2.newsyntax\Home\database_home.pl --> ftp.cling.gu.se /users/cling/cling97/cl7dhjel/Trindikit/godis2.newsyntax/Home database_home.pl
2001.11.20 18:10 B C:\Trindikit\godis2.newsyntax\Home\database_home.pl~ --> ftp.cling.gu.se /users/cling/cling97/cl7dhjel/Trindikit/godis2.newsyntax/Home database_home.pl~
2001.11.20 18:10 B C:\Trindikit\godis2.newsyntax\Home\device_dim10.pl --> ftp.cling.gu.se /users/cling/cling97/cl7dhjel/Trindikit/godis2.newsyntax/Home device_dim10.pl
2001.11.20 18:10 B C:\Trindikit\godis2.newsyntax\Home\device_dimmer.pl --> ftp.cling.gu.se /users/cling/cling97/cl7dhjel/Trindikit/godis2.newsyntax/Home device_dimmer.pl
2001.11.20 18:10 B C:\Trindikit\godis2.newsyntax\Home\device_dimmer.pl~ --> ftp.cling.gu.se /users/cling/cling97/cl7dhjel/Trindikit/godis2.newsyntax/Home device_dimmer.pl~
2001.11.20 18:10 B C:\Trindikit\godis2.newsyntax\Home\device_home.pl --> ftp.cling.gu.se /users/cling/cling97/cl7dhjel/Trindikit/godis2.newsyntax/Home device_home.pl
2001.11.20 18:10 B C:\Trindikit\godis2.newsyntax\Home\device_lux.pl --> ftp.cling.gu.se /users/cling/cling97/cl7dhjel/Trindikit/godis2.newsyntax/Home device_lux.pl
2001.11.20 18:10 B C:\Trindikit\godis2.newsyntax\Home\device_lux.pl~ --> ftp.cling.gu.se /users/cling/cling97/cl7dhjel/Trindikit/godis2.newsyntax/Home device_lux.pl~
2001.11.20 18:10 B C:\Trindikit\godis2.newsyntax\Home\device_rel.pl --> ftp.cling.gu.se /users/cling/cling97/cl7dhjel/Trindikit/godis2.newsyntax/Home device_rel.pl
2001.11.20 18:10 B C:\Trindikit\godis2.newsyntax\Home\device_rel.pl~ --> ftp.cling.gu.se /users/cling/cling97/cl7dhjel/Trindikit/godis2.newsyntax/Home device_rel.pl~
2001.11.20 18:10 B C:\Trindikit\godis2.newsyntax\Home\device_rel1.pl --> ftp.cling.gu.se /users/cling/cling97/cl7dhjel/Trindikit/godis2.newsyntax/Home device_rel1.pl
2001.11.20 18:10 B C:\Trindikit\godis2.newsyntax\Home\device_rel1.pl~ --> ftp.cling.gu.se /users/cling/cling97/cl7dhjel/Trindikit/godis2.newsyntax/Home device_rel1.pl~
2001.11.20 18:10 B C:\Trindikit\godis2.newsyntax\Home\device_rel2.pl --> ftp.cling.gu.se /users/cling/cling97/cl7dhjel/Trindikit/godis2.newsyntax/Home device_rel2.pl
2001.11.20 18:10 B C:\Trindikit\godis2.newsyntax\Home\device_rel2.pl~ --> ftp.cling.gu.se /users/cling/cling97/cl7dhjel/Trindikit/godis2.newsyntax/Home device_rel2.pl~
2001.11.20 18:10 B C:\Trindikit\godis2.newsyntax\Home\device_rel3.pl --> ftp.cling.gu.se /users/cling/cling97/cl7dhjel/Trindikit/godis2.newsyntax/Home device_rel3.pl
2001.11.20 18:10 B C:\Trindikit\godis2.newsyntax\Home\device_rel3.pl~ --> ftp.cling.gu.se /users/cling/cling97/cl7dhjel/Trindikit/godis2.newsyntax/Home device_rel3.pl~
2001.11.20 18:10 B C:\Trindikit\godis2.newsyntax\Home\device_rel4.pl --> ftp.cling.gu.se /users/cling/cling97/cl7dhjel/Trindikit/godis2.newsyntax/Home device_rel4.pl
2001.11.20 18:10 B C:\Trindikit\godis2.newsyntax\Home\device_rel4.pl~ --> ftp.cling.gu.se /users/cling/cling97/cl7dhjel/Trindikit/godis2.newsyntax/Home device_rel4.pl~
2001.11.20 18:10 B C:\Trindikit\godis2.newsyntax\Home\device_telephone.pl --> ftp.cling.gu.se /users/cling/cling97/cl7dhjel/Trindikit/godis2.newsyntax/Home device_telephone.pl
2001.11.20 18:10 B C:\Trindikit\godis2.newsyntax\Home\device_temp3.pl --> ftp.cling.gu.se /users/cling/cling97/cl7dhjel/Trindikit/godis2.newsyntax/Home device_temp3.pl
2001.11.20 18:10 B C:\Trindikit\godis2.newsyntax\Home\device_temp3.pl~ --> ftp.cling.gu.se /users/cling/cling97/cl7dhjel/Trindikit/godis2.newsyntax/Home device_temp3.pl~
2001.11.20 18:10 B C:\Trindikit\godis2.newsyntax\Home\domain_home.pl --> ftp.cling.gu.se /users/cling/cling97/cl7dhjel/Trindikit/godis2.newsyntax/Home domain_home.pl
2001.11.20 18:10 B C:\Trindikit\godis2.newsyntax\Home\domain_home.pl~ --> ftp.cling.gu.se /users/cling/cling97/cl7dhjel/Trindikit/godis2.newsyntax/Home domain_home.pl~
2001.11.20 18:10 B C:\Trindikit\godis2.newsyntax\Home\lexicon_home_english.pl --> ftp.cling.gu.se /users/cling/cling97/cl7dhjel/Trindikit/godis2.newsyntax/Home lexicon_home_english.pl
2001.11.20 18:10 B C:\Trindikit\godis2.newsyntax\Home\lexicon_home_english.pl~ --> ftp.cling.gu.se /users/cling/cling97/cl7dhjel/Trindikit/godis2.newsyntax/Home lexicon_home_english.pl~
2001.11.20 18:10 B C:\Trindikit\godis2.newsyntax\Home\lexicon_home_svenska.pl --> ftp.cling.gu.se /users/cling/cling97/cl7dhjel/Trindikit/godis2.newsyntax/Home lexicon_home_svenska.pl
2001.11.20 18:10 B C:\Trindikit\godis2.newsyntax\Home\telia_house.pl --> ftp.cling.gu.se /users/cling/cling97/cl7dhjel/Trindikit/godis2.newsyntax/Home telia_house.pl
