This file contains any messages produced by compilers while
running configure, to aid debugging if configure makes a mistake.

It was created by cudd configure 3.0.0, which was
generated by GNU Autoconf 2.69.  Invocation command line was

  $ ./configure CFLAGS=-Wall -Wextra -g -O3 -fPIC LD=

## --------- ##
## Platform. ##
## --------- ##

hostname = debian10
uname -m = x86_64
uname -r = 4.19.0-12-amd64
uname -s = Linux
uname -v = #1 SMP Debian 4.19.152-1 (2020-10-18)

/usr/bin/uname -p = unknown
/bin/uname -X     = unknown

/bin/arch              = x86_64
/usr/bin/arch -k       = unknown
/usr/convex/getsysinfo = unknown
/usr/bin/hostinfo      = unknown
/bin/machine           = unknown
/usr/bin/oslevel       = unknown
/bin/universe          = unknown

PATH: /opt/logicmoo_workspace/lib/swipl/bin/x86_64-linux
PATH: /opt/anaconda3/bin
PATH: /opt/logicmoo_workspace/packs_web/butterfly
PATH: /opt/logicmoo_workspace/bin
PATH: /usr/local/sbin
PATH: /usr/local/bin
PATH: /usr/sbin
PATH: /usr/bin
PATH: /sbin
PATH: /bin


## ----------- ##
## Core tests. ##
## ----------- ##

configure:2697: checking build system type
configure:2711: result: x86_64-unknown-linux-gnu
configure:2731: checking host system type
configure:2744: result: x86_64-unknown-linux-gnu
configure:2780: checking for a BSD-compatible install
configure:2848: result: /usr/bin/install -c
configure:2859: checking whether build environment is sane
configure:2914: result: yes
configure:3063: checking for a thread-safe mkdir -p
configure:3102: result: /usr/bin/mkdir -p
configure:3109: checking for gawk
configure:3139: result: no
configure:3109: checking for mawk
configure:3125: found /usr/bin/mawk
configure:3136: result: mawk
configure:3147: checking whether make sets $(MAKE)
configure:3169: result: yes
configure:3198: checking whether make supports nested variables
configure:3215: result: yes
configure:3437: checking for gcc
configure:3464: result: gcc
configure:3693: checking for C compiler version
configure:3702: gcc --version >&5
gcc (Debian 8.3.0-6) 8.3.0
Copyright (C) 2018 Free Software Foundation, Inc.
This is free software; see the source for copying conditions.  There is NO
warranty; not even for MERCHANTABILITY or FITNESS FOR A PARTICULAR PURPOSE.

configure:3713: $? = 0
configure:3702: gcc -v >&5
Using built-in specs.
COLLECT_GCC=gcc
COLLECT_LTO_WRAPPER=/usr/lib/gcc/x86_64-linux-gnu/8/lto-wrapper
OFFLOAD_TARGET_NAMES=nvptx-none
OFFLOAD_TARGET_DEFAULT=1
Target: x86_64-linux-gnu
Configured with: ../src/configure -v --with-pkgversion='Debian 8.3.0-6' --with-bugurl=file:///usr/share/doc/gcc-8/README.Bugs --enable-languages=c,ada,c++,go,brig,d,fortran,objc,obj-c++ --prefix=/usr --with-gcc-major-version-only --program-suffix=-8 --program-prefix=x86_64-linux-gnu- --enable-shared --enable-linker-build-id --libexecdir=/usr/lib --without-included-gettext --enable-threads=posix --libdir=/usr/lib --enable-nls --enable-bootstrap --enable-clocale=gnu --enable-libstdcxx-debug --enable-libstdcxx-time=yes --with-default-libstdcxx-abi=new --enable-gnu-unique-object --disable-vtable-verify --enable-libmpx --enable-plugin --enable-default-pie --with-system-zlib --with-target-system-zlib --enable-objc-gc=auto --enable-multiarch --disable-werror --with-arch-32=i686 --with-abi=m64 --with-multilib-list=m32,m64,mx32 --enable-multilib --with-tune=generic --enable-offload-targets=nvptx-none --without-cuda-driver --enable-checking=release --build=x86_64-linux-gnu --host=x86_64-linux-gnu --target=x86_64-linux-gnu
Thread model: posix
gcc version 8.3.0 (Debian 8.3.0-6) 
configure:3713: $? = 0
configure:3702: gcc -V >&5
gcc: error: unrecognized command line option '-V'
gcc: fatal error: no input files
compilation terminated.
configure:3713: $? = 1
configure:3702: gcc -qversion >&5
gcc: error: unrecognized command line option '-qversion'; did you mean '--version'?
gcc: fatal error: no input files
compilation terminated.
configure:3713: $? = 1
configure:3733: checking whether the C compiler works
configure:3755: gcc -Wall -Wextra -g -O3 -fPIC   conftest.c  >&5
configure:3759: $? = 0
configure:3807: result: yes
configure:3810: checking for C compiler default output file name
configure:3812: result: a.out
configure:3818: checking for suffix of executables
configure:3825: gcc -o conftest -Wall -Wextra -g -O3 -fPIC   conftest.c  >&5
configure:3829: $? = 0
configure:3851: result: 
configure:3873: checking whether we are cross compiling
configure:3881: gcc -o conftest -Wall -Wextra -g -O3 -fPIC   conftest.c  >&5
configure:3885: $? = 0
configure:3892: ./conftest
configure:3896: $? = 0
configure:3884: result: no
configure:3889: checking for suffix of object files
configure:3911: gcc -c -Wall -Wextra -g -O3 -fPIC  conftest.c >&5
configure:3915: $? = 0
configure:3936: result: o
configure:3940: checking whether we are using the GNU C compiler
configure:3959: gcc -c -Wall -Wextra -g -O3 -fPIC  conftest.c >&5
configure:3959: $? = 0
configure:3968: result: yes
configure:3977: checking whether gcc accepts -g
configure:3997: gcc -c -g  conftest.c >&5
configure:3997: $? = 0
configure:4038: result: yes
configure:4055: checking for gcc option to accept ISO C89
configure:4118: gcc  -c -Wall -Wextra -g -O3 -fPIC  conftest.c >&5
configure:4118: $? = 0
configure:4131: result: none needed
configure:4156: checking whether gcc understands -c and -o together
configure:4178: gcc -c conftest.c -o conftest2.o
configure:4181: $? = 0
configure:4178: gcc -c conftest.c -o conftest2.o
configure:4181: $? = 0
configure:4193: result: yes
configure:4213: checking whether make supports the include directive
configure:4228: make -f confmf.GNU && cat confinc.out
this is the am__doit target
configure:4231: $? = 0
configure:4250: result: yes (GNU style)
configure:4275: checking dependency style of gcc
configure:4386: result: gcc3
configure:4459: checking for g++
configure:4475: found /usr/bin/g++
configure:4486: result: g++
configure:4513: checking for C++ compiler version
configure:4522: g++ --version >&5
g++ (Debian 8.3.0-6) 8.3.0
Copyright (C) 2018 Free Software Foundation, Inc.
This is free software; see the source for copying conditions.  There is NO
warranty; not even for MERCHANTABILITY or FITNESS FOR A PARTICULAR PURPOSE.

configure:4533: $? = 0
configure:4522: g++ -v >&5
Using built-in specs.
COLLECT_GCC=g++
COLLECT_LTO_WRAPPER=/usr/lib/gcc/x86_64-linux-gnu/8/lto-wrapper
OFFLOAD_TARGET_NAMES=nvptx-none
OFFLOAD_TARGET_DEFAULT=1
Target: x86_64-linux-gnu
Configured with: ../src/configure -v --with-pkgversion='Debian 8.3.0-6' --with-bugurl=file:///usr/share/doc/gcc-8/README.Bugs --enable-languages=c,ada,c++,go,brig,d,fortran,objc,obj-c++ --prefix=/usr --with-gcc-major-version-only --program-suffix=-8 --program-prefix=x86_64-linux-gnu- --enable-shared --enable-linker-build-id --libexecdir=/usr/lib --without-included-gettext --enable-threads=posix --libdir=/usr/lib --enable-nls --enable-bootstrap --enable-clocale=gnu --enable-libstdcxx-debug --enable-libstdcxx-time=yes --with-default-libstdcxx-abi=new --enable-gnu-unique-object --disable-vtable-verify --enable-libmpx --enable-plugin --enable-default-pie --with-system-zlib --with-target-system-zlib --enable-objc-gc=auto --enable-multiarch --disable-werror --with-arch-32=i686 --with-abi=m64 --with-multilib-list=m32,m64,mx32 --enable-multilib --with-tune=generic --enable-offload-targets=nvptx-none --without-cuda-driver --enable-checking=release --build=x86_64-linux-gnu --host=x86_64-linux-gnu --target=x86_64-linux-gnu
Thread model: posix
gcc version 8.3.0 (Debian 8.3.0-6) 
configure:4533: $? = 0
configure:4522: g++ -V >&5
g++: error: unrecognized command line option '-V'
g++: fatal error: no input files
compilation terminated.
configure:4533: $? = 1
configure:4522: g++ -qversion >&5
g++: error: unrecognized command line option '-qversion'; did you mean '--version'?
g++: fatal error: no input files
compilation terminated.
configure:4533: $? = 1
configure:4537: checking whether we are using the GNU C++ compiler
configure:4556: g++ -c -Wall -Wextra -std=c++0x -g -O3  conftest.cpp >&5
configure:4556: $? = 0
configure:4565: result: yes
configure:4574: checking whether g++ accepts -g
configure:4594: g++ -c -g  conftest.cpp >&5
configure:4594: $? = 0
configure:4635: result: yes
configure:4660: checking dependency style of g++
configure:4771: result: gcc3
configure:4836: checking for ar
configure:4852: found /usr/bin/ar
configure:4863: result: ar
configure:4889: checking the archiver (ar) interface
configure:4905: gcc -c -Wall -Wextra -g -O3 -fPIC  conftest.c >&5
configure:4905: $? = 0
configure:4907: ar cru libconftest.a conftest.o >&5
ar: `u' modifier ignored since `D' is the default (see `U')
configure:4910: $? = 0
configure:4909: result: ar
configure:4976: checking how to print strings
configure:5003: result: printf
configure:5024: checking for a sed that does not truncate output
configure:5088: result: /usr/bin/sed
configure:5106: checking for grep that handles long lines and -e
configure:5164: result: /usr/bin/grep
configure:5169: checking for egrep
configure:5231: result: /usr/bin/grep -E
configure:5236: checking for fgrep
configure:5298: result: /usr/bin/grep -F
configure:5333: checking for ld used by gcc
configure:5400: result: /usr/bin/ld
configure:5407: checking if the linker (/usr/bin/ld) is GNU ld
configure:5422: result: yes
configure:5434: checking for BSD- or MS-compatible name lister (nm)
configure:5483: result: /usr/bin/nm -B
configure:5613: checking the name lister (/usr/bin/nm -B) interface
configure:5620: gcc -c -Wall -Wextra -g -O3 -fPIC  conftest.c >&5
configure:5623: /usr/bin/nm -B "conftest.o"
configure:5626: output
0000000000000000 B some_variable
configure:5627: result: BSD nm
configure:5630: checking whether ln -s works
configure:5634: result: yes
configure:5642: checking the maximum length of command line arguments
configure:5773: result: 1572864
configure:5790: checking whether the shell understands some XSI constructs
configure:5799: result: yes
configure:5803: checking whether the shell understands "+="
configure:5807: result: yes
configure:5842: checking how to convert x86_64-unknown-linux-gnu file names to x86_64-unknown-linux-gnu format
configure:5882: result: func_convert_file_noop
configure:5889: checking how to convert x86_64-unknown-linux-gnu file names to toolchain format
configure:5909: result: func_convert_file_noop
configure:5916: checking for /usr/bin/ld option to reload object files
configure:5923: result: -r
configure:5997: checking for objdump
configure:6013: found /usr/bin/objdump
configure:6024: result: objdump
configure:6053: checking how to recognize dependent libraries
configure:6251: result: pass_all
configure:6336: checking for dlltool
configure:6366: result: no
configure:6393: checking how to associate runtime and link libraries
configure:6420: result: printf %s\n
configure:6544: checking for archiver @FILE support
configure:6561: gcc -c -Wall -Wextra -g -O3 -fPIC  conftest.c >&5
configure:6561: $? = 0
configure:6564: ar cru libconftest.a @conftest.lst >&5
ar: `u' modifier ignored since `D' is the default (see `U')
configure:6567: $? = 0
configure:6572: ar cru libconftest.a @conftest.lst >&5
ar: `u' modifier ignored since `D' is the default (see `U')
ar: conftest.o: No such file or directory
configure:6575: $? = 1
configure:6574: result: @
configure:6632: checking for strip
configure:6648: found /usr/bin/strip
configure:6659: result: strip
configure:6731: checking for ranlib
configure:6747: found /usr/bin/ranlib
configure:6758: result: ranlib
configure:6860: checking command to parse /usr/bin/nm -B output from gcc object
configure:6980: gcc -c -Wall -Wextra -g -O3 -fPIC  conftest.c >&5
configure:6983: $? = 0
configure:6987: /usr/bin/nm -B conftest.o \| sed -n -e 's/^.*[ ]\([ABCDGIRSTW][ABCDGIRSTW]*\)[ ][ ]*\([_A-Za-z][_A-Za-z0-9]*\)$/\1 \2 \2/p' | sed '/ __gnu_lto/d' \> conftest.nm
configure:6990: $? = 0
configure:7056: gcc -o conftest -Wall -Wextra -g -O3 -fPIC   conftest.c conftstm.o >&5
configure:7059: $? = 0
configure:7097: result: ok
configure:7134: checking for sysroot
configure:7164: result: no
configure:7241: gcc -c -Wall -Wextra -g -O3 -fPIC  conftest.c >&5
configure:7244: $? = 0
configure:7433: checking for mt
configure:7449: found /usr/bin/mt
configure:7460: result: mt
configure:7483: checking if mt is a manifest tool
configure:7489: mt '-?'
configure:7497: result: no
configure:8139: checking how to run the C preprocessor
configure:8170: gcc -E  conftest.c
configure:8170: $? = 0
configure:8184: gcc -E  conftest.c
conftest.c:11:10: fatal error: ac_nonexistent.h: No such file or directory
 #include <ac_nonexistent.h>
          ^~~~~~~~~~~~~~~~~~
compilation terminated.
configure:8184: $? = 1
configure: failed program was:
| /* confdefs.h */
| #define PACKAGE_NAME "cudd"
| #define PACKAGE_TARNAME "cudd"
| #define PACKAGE_VERSION "3.0.0"
| #define PACKAGE_STRING "cudd 3.0.0"
| #define PACKAGE_BUGREPORT "Fabio@Colorado.EDU"
| #define PACKAGE_URL ""
| #define PACKAGE "cudd"
| #define VERSION "3.0.0"
| /* end confdefs.h.  */
| #include <ac_nonexistent.h>
configure:8209: result: gcc -E
configure:8229: gcc -E  conftest.c
configure:8229: $? = 0
configure:8243: gcc -E  conftest.c
conftest.c:11:10: fatal error: ac_nonexistent.h: No such file or directory
 #include <ac_nonexistent.h>
          ^~~~~~~~~~~~~~~~~~
compilation terminated.
configure:8243: $? = 1
configure: failed program was:
| /* confdefs.h */
| #define PACKAGE_NAME "cudd"
| #define PACKAGE_TARNAME "cudd"
| #define PACKAGE_VERSION "3.0.0"
| #define PACKAGE_STRING "cudd 3.0.0"
| #define PACKAGE_BUGREPORT "Fabio@Colorado.EDU"
| #define PACKAGE_URL ""
| #define PACKAGE "cudd"
| #define VERSION "3.0.0"
| /* end confdefs.h.  */
| #include <ac_nonexistent.h>
configure:8272: checking for ANSI C header files
configure:8292: gcc -c -Wall -Wextra -g -O3 -fPIC  conftest.c >&5
configure:8292: $? = 0
configure:8365: gcc -o conftest -Wall -Wextra -g -O3 -fPIC   conftest.c  >&5
configure:8365: $? = 0
configure:8365: ./conftest
configure:8365: $? = 0
configure:8376: result: yes
configure:8389: checking for sys/types.h
configure:8389: gcc -c -Wall -Wextra -g -O3 -fPIC  conftest.c >&5
configure:8389: $? = 0
configure:8389: result: yes
configure:8389: checking for sys/stat.h
configure:8389: gcc -c -Wall -Wextra -g -O3 -fPIC  conftest.c >&5
configure:8389: $? = 0
configure:8389: result: yes
configure:8389: checking for stdlib.h
configure:8389: gcc -c -Wall -Wextra -g -O3 -fPIC  conftest.c >&5
configure:8389: $? = 0
configure:8389: result: yes
configure:8389: checking for string.h
configure:8389: gcc -c -Wall -Wextra -g -O3 -fPIC  conftest.c >&5
configure:8389: $? = 0
configure:8389: result: yes
configure:8389: checking for memory.h
configure:8389: gcc -c -Wall -Wextra -g -O3 -fPIC  conftest.c >&5
configure:8389: $? = 0
configure:8389: result: yes
configure:8389: checking for strings.h
configure:8389: gcc -c -Wall -Wextra -g -O3 -fPIC  conftest.c >&5
configure:8389: $? = 0
configure:8389: result: yes
configure:8389: checking for inttypes.h
configure:8389: gcc -c -Wall -Wextra -g -O3 -fPIC  conftest.c >&5
configure:8389: $? = 0
configure:8389: result: yes
configure:8389: checking for stdint.h
configure:8389: gcc -c -Wall -Wextra -g -O3 -fPIC  conftest.c >&5
configure:8389: $? = 0
configure:8389: result: yes
configure:8389: checking for unistd.h
configure:8389: gcc -c -Wall -Wextra -g -O3 -fPIC  conftest.c >&5
configure:8389: $? = 0
configure:8389: result: yes
configure:8403: checking for dlfcn.h
configure:8403: gcc -c -Wall -Wextra -g -O3 -fPIC  conftest.c >&5
configure:8403: $? = 0
configure:8403: result: yes
configure:8917: checking for objdir
configure:8932: result: .libs
configure:9203: checking if gcc supports -fno-rtti -fno-exceptions
configure:9221: gcc -c -Wall -Wextra -g -O3 -fPIC  -fno-rtti -fno-exceptions conftest.c >&5
cc1: warning: command line option '-fno-rtti' is valid for C++/ObjC++ but not for C
configure:9225: $? = 0
configure:9238: result: no
configure:9565: checking for gcc option to produce PIC
configure:9572: result: -fPIC -DPIC
configure:9580: checking if gcc PIC flag -fPIC -DPIC works
configure:9598: gcc -c -Wall -Wextra -g -O3 -fPIC  -fPIC -DPIC -DPIC conftest.c >&5
configure:9602: $? = 0
configure:9615: result: yes
configure:9644: checking if gcc static flag -static works
configure:9672: result: yes
configure:9687: checking if gcc supports -c -o file.o
configure:9708: gcc -c -Wall -Wextra -g -O3 -fPIC  -o out/conftest2.o conftest.c >&5
configure:9712: $? = 0
configure:9734: result: yes
configure:9742: checking if gcc supports -c -o file.o
configure:9789: result: yes
configure:9822: checking whether the gcc linker (/usr/bin/ld -m elf_x86_64) supports shared libraries
configure:10979: result: yes
configure:11219: checking dynamic linker characteristics
configure:11719: gcc -o conftest -Wall -Wextra -g -O3 -fPIC   -Wl,-rpath -Wl,/foo conftest.c  >&5
configure:11719: $? = 0
configure:11953: result: GNU/Linux ld.so
configure:12060: checking how to hardcode library paths into programs
configure:12085: result: immediate
configure:12625: checking whether stripping libraries is possible
configure:12630: result: yes
configure:12665: checking if libtool supports shared libraries
configure:12667: result: yes
configure:12670: checking whether to build shared libraries
configure:12691: result: no
configure:12694: checking whether to build static libraries
configure:12698: result: yes
configure:9726: checking how to run the C++ preprocessor
configure:9753: g++ -E  conftest.cpp
configure:9753: $? = 0
configure:9767: g++ -E  conftest.cpp
conftest.cpp:23:10: fatal error: ac_nonexistent.h: No such file or directory
 #include <ac_nonexistent.h>
          ^~~~~~~~~~~~~~~~~~
compilation terminated.
configure:9767: $? = 1
configure: failed program was:
| /* confdefs.h */
| #define PACKAGE_NAME "cudd"
| #define PACKAGE_TARNAME "cudd"
| #define PACKAGE_VERSION "3.0.0"
| #define PACKAGE_STRING "cudd 3.0.0"
| #define PACKAGE_BUGREPORT "Fabio@Colorado.EDU"
| #define PACKAGE_URL ""
| #define PACKAGE "cudd"
| #define VERSION "3.0.0"
| #define STDC_HEADERS 1
| #define HAVE_SYS_TYPES_H 1
| #define HAVE_SYS_STAT_H 1
| #define HAVE_STDLIB_H 1
| #define HAVE_STRING_H 1
| #define HAVE_MEMORY_H 1
| #define HAVE_STRINGS_H 1
| #define HAVE_INTTYPES_H 1
| #define HAVE_STDINT_H 1
| #define HAVE_UNISTD_H 1
| #define HAVE_DLFCN_H 1
| #define LT_OBJDIR ".libs/"
| /* end confdefs.h.  */
| #include <ac_nonexistent.h>
configure:9792: result: g++ -E
configure:9812: g++ -E  conftest.cpp
configure:9812: $? = 0
configure:9826: g++ -E  conftest.cpp
conftest.cpp:23:10: fatal error: ac_nonexistent.h: No such file or directory
 #include <ac_nonexistent.h>
          ^~~~~~~~~~~~~~~~~~
compilation terminated.
configure:9826: $? = 1
configure: failed program was:
| /* confdefs.h */
| #define PACKAGE_NAME "cudd"
| #define PACKAGE_TARNAME "cudd"
| #define PACKAGE_VERSION "3.0.0"
| #define PACKAGE_STRING "cudd 3.0.0"
| #define PACKAGE_BUGREPORT "Fabio@Colorado.EDU"
| #define PACKAGE_URL ""
| #define PACKAGE "cudd"
| #define VERSION "3.0.0"
| #define STDC_HEADERS 1
| #define HAVE_SYS_TYPES_H 1
| #define HAVE_SYS_STAT_H 1
| #define HAVE_STDLIB_H 1
| #define HAVE_STRING_H 1
| #define HAVE_MEMORY_H 1
| #define HAVE_STRINGS_H 1
| #define HAVE_INTTYPES_H 1
| #define HAVE_STDINT_H 1
| #define HAVE_UNISTD_H 1
| #define HAVE_DLFCN_H 1
| #define LT_OBJDIR ".libs/"
| /* end confdefs.h.  */
| #include <ac_nonexistent.h>
configure:9995: checking for ld used by g++
configure:10062: result: /usr/bin/ld -m elf_x86_64
configure:10069: checking if the linker (/usr/bin/ld -m elf_x86_64) is GNU ld
configure:10084: result: yes
configure:10139: checking whether the g++ linker (/usr/bin/ld -m elf_x86_64) supports shared libraries
configure:11141: result: yes
configure:11177: g++ -c -Wall -Wextra -std=c++0x -g -O3  conftest.cpp >&5
configure:11180: $? = 0
configure:11700: checking for g++ option to produce PIC
configure:11707: result: -fPIC -DPIC
configure:11715: checking if g++ PIC flag -fPIC -DPIC works
configure:11733: g++ -c -Wall -Wextra -std=c++0x -g -O3  -fPIC -DPIC -DPIC conftest.cpp >&5
configure:11737: $? = 0
configure:11750: result: yes
configure:11773: checking if g++ static flag -static works
configure:11801: result: yes
configure:11813: checking if g++ supports -c -o file.o
configure:11834: g++ -c -Wall -Wextra -std=c++0x -g -O3  -o out/conftest2.o conftest.cpp >&5
configure:11838: $? = 0
configure:11860: result: yes
configure:11865: checking if g++ supports -c -o file.o
configure:11912: result: yes
configure:11942: checking whether the g++ linker (/usr/bin/ld -m elf_x86_64) supports shared libraries
configure:11981: result: yes
configure:12122: checking dynamic linker characteristics
configure:12790: result: GNU/Linux ld.so
configure:12843: checking how to hardcode library paths into programs
configure:12868: result: immediate
configure:11871: checking whether byte ordering is bigendian
configure:11886: gcc -c -Wall -Wextra -g -O3 -fPIC  conftest.c >&5
conftest.c:24:9: error: unknown type name 'not'
         not a universal capable compiler
         ^~~
conftest.c:24:15: error: expected '=', ',', ';', 'asm' or '__attribute__' before 'universal'
         not a universal capable compiler
               ^~~~~~~~~
conftest.c:24:15: error: unknown type name 'universal'
configure:11886: $? = 1
configure: failed program was:
| /* confdefs.h */
| #define PACKAGE_NAME "cudd"
| #define PACKAGE_TARNAME "cudd"
| #define PACKAGE_VERSION "3.0.0"
| #define PACKAGE_STRING "cudd 3.0.0"
| #define PACKAGE_BUGREPORT "Fabio@Colorado.EDU"
| #define PACKAGE_URL ""
| #define PACKAGE "cudd"
| #define VERSION "3.0.0"
| #define STDC_HEADERS 1
| #define HAVE_SYS_TYPES_H 1
| #define HAVE_SYS_STAT_H 1
| #define HAVE_STDLIB_H 1
| #define HAVE_STRING_H 1
| #define HAVE_MEMORY_H 1
| #define HAVE_STRINGS_H 1
| #define HAVE_INTTYPES_H 1
| #define HAVE_STDINT_H 1
| #define HAVE_UNISTD_H 1
| #define HAVE_DLFCN_H 1
| #define LT_OBJDIR ".libs/"
| /* end confdefs.h.  */
| #ifndef __APPLE_CC__
| 	       not a universal capable compiler
| 	     #endif
| 	     typedef int dummy;
| 
configure:11931: gcc -c -Wall -Wextra -g -O3 -fPIC  conftest.c >&5
configure:11931: $? = 0
configure:11949: gcc -c -Wall -Wextra -g -O3 -fPIC  conftest.c >&5
conftest.c: In function 'main':
conftest.c:30:4: error: unknown type name 'not'; did you mean 'ino_t'?
    not big endian
    ^~~
    ino_t
conftest.c:30:12: error: expected '=', ',', ';', 'asm' or '__attribute__' before 'endian'
    not big endian
            ^~~~~~
configure:11949: $? = 1
configure: failed program was:
| /* confdefs.h */
| #define PACKAGE_NAME "cudd"
| #define PACKAGE_TARNAME "cudd"
| #define PACKAGE_VERSION "3.0.0"
| #define PACKAGE_STRING "cudd 3.0.0"
| #define PACKAGE_BUGREPORT "Fabio@Colorado.EDU"
| #define PACKAGE_URL ""
| #define PACKAGE "cudd"
| #define VERSION "3.0.0"
| #define STDC_HEADERS 1
| #define HAVE_SYS_TYPES_H 1
| #define HAVE_SYS_STAT_H 1
| #define HAVE_STDLIB_H 1
| #define HAVE_STRING_H 1
| #define HAVE_MEMORY_H 1
| #define HAVE_STRINGS_H 1
| #define HAVE_INTTYPES_H 1
| #define HAVE_STDINT_H 1
| #define HAVE_UNISTD_H 1
| #define HAVE_DLFCN_H 1
| #define LT_OBJDIR ".libs/"
| /* end confdefs.h.  */
| #include <sys/types.h>
| 		#include <sys/param.h>
| 
| int
| main ()
| {
| #if BYTE_ORDER != BIG_ENDIAN
| 		 not big endian
| 		#endif
| 
|   ;
|   return 0;
| }
configure:12077: result: no
configure:12109: checking for doxygen
configure:12139: result: no
configure:12148: WARNING: Doxygen not found - continuing without Doxygen support
configure:12168: checking for pdflatex
configure:12184: found /usr/bin/pdflatex
configure:12195: result: pdflatex
configure:12214: checking for makeindex
configure:12230: found /usr/bin/makeindex
configure:12241: result: makeindex
configure:12271: checking for library containing pow
configure:12302: gcc -o conftest -Wall -Wextra -g -O3 -fPIC   conftest.c  >&5
conftest.c:30:6: warning: conflicting types for built-in function 'pow' [-Wbuiltin-declaration-mismatch]
 char pow ();
      ^~~
/usr/bin/ld: /tmp/cc78vZnf.o: in function `main':
/opt/logicmoo_workspace/packs_lib/bddem/cudd-3.0.0/conftest.c:34: undefined reference to `pow'
collect2: error: ld returned 1 exit status
configure:12302: $? = 1
configure: failed program was:
| /* confdefs.h */
| #define PACKAGE_NAME "cudd"
| #define PACKAGE_TARNAME "cudd"
| #define PACKAGE_VERSION "3.0.0"
| #define PACKAGE_STRING "cudd 3.0.0"
| #define PACKAGE_BUGREPORT "Fabio@Colorado.EDU"
| #define PACKAGE_URL ""
| #define PACKAGE "cudd"
| #define VERSION "3.0.0"
| #define STDC_HEADERS 1
| #define HAVE_SYS_TYPES_H 1
| #define HAVE_SYS_STAT_H 1
| #define HAVE_STDLIB_H 1
| #define HAVE_STRING_H 1
| #define HAVE_MEMORY_H 1
| #define HAVE_STRINGS_H 1
| #define HAVE_INTTYPES_H 1
| #define HAVE_STDINT_H 1
| #define HAVE_UNISTD_H 1
| #define HAVE_DLFCN_H 1
| #define LT_OBJDIR ".libs/"
| /* end confdefs.h.  */
| 
| /* Override any GCC internal prototype to avoid an error.
|    Use char because int might match the return type of a GCC
|    builtin and then its argument prototype would still apply.  */
| #ifdef __cplusplus
| extern "C"
| #endif
| char pow ();
| int
| main ()
| {
| return pow ();
|   ;
|   return 0;
| }
configure:12302: gcc -o conftest -Wall -Wextra -g -O3 -fPIC   conftest.c -lm   >&5
conftest.c:30:6: warning: conflicting types for built-in function 'pow' [-Wbuiltin-declaration-mismatch]
 char pow ();
      ^~~
configure:12302: $? = 0
configure:12319: result: -lm
configure:12327: checking for pthread_create in -lpthread
configure:12352: gcc -o conftest -Wall -Wextra -g -O3 -fPIC   conftest.c -lpthread  -lm  >&5
configure:12352: $? = 0
configure:12361: result: yes
configure:12378: checking for library containing WSAStartup
configure:12409: gcc -o conftest -Wall -Wextra -g -O3 -fPIC   conftest.c -lm  >&5
/usr/bin/ld: /tmp/ccemmrYo.o: in function `main':
/opt/logicmoo_workspace/packs_lib/bddem/cudd-3.0.0/conftest.c:34: undefined reference to `WSAStartup'
collect2: error: ld returned 1 exit status
configure:12409: $? = 1
configure: failed program was:
| /* confdefs.h */
| #define PACKAGE_NAME "cudd"
| #define PACKAGE_TARNAME "cudd"
| #define PACKAGE_VERSION "3.0.0"
| #define PACKAGE_STRING "cudd 3.0.0"
| #define PACKAGE_BUGREPORT "Fabio@Colorado.EDU"
| #define PACKAGE_URL ""
| #define PACKAGE "cudd"
| #define VERSION "3.0.0"
| #define STDC_HEADERS 1
| #define HAVE_SYS_TYPES_H 1
| #define HAVE_SYS_STAT_H 1
| #define HAVE_STDLIB_H 1
| #define HAVE_STRING_H 1
| #define HAVE_MEMORY_H 1
| #define HAVE_STRINGS_H 1
| #define HAVE_INTTYPES_H 1
| #define HAVE_STDINT_H 1
| #define HAVE_UNISTD_H 1
| #define HAVE_DLFCN_H 1
| #define LT_OBJDIR ".libs/"
| /* end confdefs.h.  */
| 
| /* Override any GCC internal prototype to avoid an error.
|    Use char because int might match the return type of a GCC
|    builtin and then its argument prototype would still apply.  */
| #ifdef __cplusplus
| extern "C"
| #endif
| char WSAStartup ();
| int
| main ()
| {
| return WSAStartup ();
|   ;
|   return 0;
| }
configure:12409: gcc -o conftest -Wall -Wextra -g -O3 -fPIC   conftest.c -lws2_32  -lm  >&5
/usr/bin/ld: cannot find -lws2_32
collect2: error: ld returned 1 exit status
configure:12409: $? = 1
configure: failed program was:
| /* confdefs.h */
| #define PACKAGE_NAME "cudd"
| #define PACKAGE_TARNAME "cudd"
| #define PACKAGE_VERSION "3.0.0"
| #define PACKAGE_STRING "cudd 3.0.0"
| #define PACKAGE_BUGREPORT "Fabio@Colorado.EDU"
| #define PACKAGE_URL ""
| #define PACKAGE "cudd"
| #define VERSION "3.0.0"
| #define STDC_HEADERS 1
| #define HAVE_SYS_TYPES_H 1
| #define HAVE_SYS_STAT_H 1
| #define HAVE_STDLIB_H 1
| #define HAVE_STRING_H 1
| #define HAVE_MEMORY_H 1
| #define HAVE_STRINGS_H 1
| #define HAVE_INTTYPES_H 1
| #define HAVE_STDINT_H 1
| #define HAVE_UNISTD_H 1
| #define HAVE_DLFCN_H 1
| #define LT_OBJDIR ".libs/"
| /* end confdefs.h.  */
| 
| /* Override any GCC internal prototype to avoid an error.
|    Use char because int might match the return type of a GCC
|    builtin and then its argument prototype would still apply.  */
| #ifdef __cplusplus
| extern "C"
| #endif
| char WSAStartup ();
| int
| main ()
| {
| return WSAStartup ();
|   ;
|   return 0;
| }
configure:12426: result: no
configure:12434: checking for library containing GetProcessMemoryInfo
configure:12465: gcc -o conftest -Wall -Wextra -g -O3 -fPIC   conftest.c -lm  >&5
/usr/bin/ld: /tmp/ccEOc44v.o: in function `main':
/opt/logicmoo_workspace/packs_lib/bddem/cudd-3.0.0/conftest.c:34: undefined reference to `GetProcessMemoryInfo'
collect2: error: ld returned 1 exit status
configure:12465: $? = 1
configure: failed program was:
| /* confdefs.h */
| #define PACKAGE_NAME "cudd"
| #define PACKAGE_TARNAME "cudd"
| #define PACKAGE_VERSION "3.0.0"
| #define PACKAGE_STRING "cudd 3.0.0"
| #define PACKAGE_BUGREPORT "Fabio@Colorado.EDU"
| #define PACKAGE_URL ""
| #define PACKAGE "cudd"
| #define VERSION "3.0.0"
| #define STDC_HEADERS 1
| #define HAVE_SYS_TYPES_H 1
| #define HAVE_SYS_STAT_H 1
| #define HAVE_STDLIB_H 1
| #define HAVE_STRING_H 1
| #define HAVE_MEMORY_H 1
| #define HAVE_STRINGS_H 1
| #define HAVE_INTTYPES_H 1
| #define HAVE_STDINT_H 1
| #define HAVE_UNISTD_H 1
| #define HAVE_DLFCN_H 1
| #define LT_OBJDIR ".libs/"
| /* end confdefs.h.  */
| 
| /* Override any GCC internal prototype to avoid an error.
|    Use char because int might match the return type of a GCC
|    builtin and then its argument prototype would still apply.  */
| #ifdef __cplusplus
| extern "C"
| #endif
| char GetProcessMemoryInfo ();
| int
| main ()
| {
| return GetProcessMemoryInfo ();
|   ;
|   return 0;
| }
configure:12465: gcc -o conftest -Wall -Wextra -g -O3 -fPIC   conftest.c -lpsapi  -lm  >&5
/usr/bin/ld: cannot find -lpsapi
collect2: error: ld returned 1 exit status
configure:12465: $? = 1
configure: failed program was:
| /* confdefs.h */
| #define PACKAGE_NAME "cudd"
| #define PACKAGE_TARNAME "cudd"
| #define PACKAGE_VERSION "3.0.0"
| #define PACKAGE_STRING "cudd 3.0.0"
| #define PACKAGE_BUGREPORT "Fabio@Colorado.EDU"
| #define PACKAGE_URL ""
| #define PACKAGE "cudd"
| #define VERSION "3.0.0"
| #define STDC_HEADERS 1
| #define HAVE_SYS_TYPES_H 1
| #define HAVE_SYS_STAT_H 1
| #define HAVE_STDLIB_H 1
| #define HAVE_STRING_H 1
| #define HAVE_MEMORY_H 1
| #define HAVE_STRINGS_H 1
| #define HAVE_INTTYPES_H 1
| #define HAVE_STDINT_H 1
| #define HAVE_UNISTD_H 1
| #define HAVE_DLFCN_H 1
| #define LT_OBJDIR ".libs/"
| /* end confdefs.h.  */
| 
| /* Override any GCC internal prototype to avoid an error.
|    Use char because int might match the return type of a GCC
|    builtin and then its argument prototype would still apply.  */
| #ifdef __cplusplus
| extern "C"
| #endif
| char GetProcessMemoryInfo ();
| int
| main ()
| {
| return GetProcessMemoryInfo ();
|   ;
|   return 0;
| }
configure:12482: result: no
configure:12496: checking float.h usability
configure:12496: gcc -c -Wall -Wextra -g -O3 -fPIC  conftest.c >&5
configure:12496: $? = 0
configure:12496: result: yes
configure:12496: checking float.h presence
configure:12496: gcc -E  conftest.c
configure:12496: $? = 0
configure:12496: result: yes
configure:12496: checking for float.h
configure:12496: result: yes
configure:12496: checking for inttypes.h
configure:12496: result: yes
configure:12496: checking limits.h usability
configure:12496: gcc -c -Wall -Wextra -g -O3 -fPIC  conftest.c >&5
configure:12496: $? = 0
configure:12496: result: yes
configure:12496: checking limits.h presence
configure:12496: gcc -E  conftest.c
configure:12496: $? = 0
configure:12496: result: yes
configure:12496: checking for limits.h
configure:12496: result: yes
configure:12496: checking stddef.h usability
configure:12496: gcc -c -Wall -Wextra -g -O3 -fPIC  conftest.c >&5
configure:12496: $? = 0
configure:12496: result: yes
configure:12496: checking stddef.h presence
configure:12496: gcc -E  conftest.c
configure:12496: $? = 0
configure:12496: result: yes
configure:12496: checking for stddef.h
configure:12496: result: yes
configure:12496: checking for stdlib.h
configure:12496: result: yes
configure:12496: checking for string.h
configure:12496: result: yes
configure:12496: checking assert.h usability
configure:12496: gcc -c -Wall -Wextra -g -O3 -fPIC  conftest.c >&5
configure:12496: $? = 0
configure:12496: result: yes
configure:12496: checking assert.h presence
configure:12496: gcc -E  conftest.c
configure:12496: $? = 0
configure:12496: result: yes
configure:12496: checking for assert.h
configure:12496: result: yes
configure:12496: checking math.h usability
configure:12496: gcc -c -Wall -Wextra -g -O3 -fPIC  conftest.c >&5
configure:12496: $? = 0
configure:12496: result: yes
configure:12496: checking math.h presence
configure:12496: gcc -E  conftest.c
configure:12496: $? = 0
configure:12496: result: yes
configure:12496: checking for math.h
configure:12496: result: yes
configure:12515: checking for unistd.h
configure:12515: result: yes
configure:12515: checking sys/time.h usability
configure:12515: gcc -c -Wall -Wextra -g -O3 -fPIC  conftest.c >&5
configure:12515: $? = 0
configure:12515: result: yes
configure:12515: checking sys/time.h presence
configure:12515: gcc -E  conftest.c
configure:12515: $? = 0
configure:12515: result: yes
configure:12515: checking for sys/time.h
configure:12515: result: yes
configure:12515: checking sys/times.h usability
configure:12515: gcc -c -Wall -Wextra -g -O3 -fPIC  conftest.c >&5
configure:12515: $? = 0
configure:12515: result: yes
configure:12515: checking sys/times.h presence
configure:12515: gcc -E  conftest.c
configure:12515: $? = 0
configure:12515: result: yes
configure:12515: checking for sys/times.h
configure:12515: result: yes
configure:12515: checking sys/resource.h usability
configure:12515: gcc -c -Wall -Wextra -g -O3 -fPIC  conftest.c >&5
configure:12515: $? = 0
configure:12515: result: yes
configure:12515: checking sys/resource.h presence
configure:12515: gcc -E  conftest.c
configure:12515: $? = 0
configure:12515: result: yes
configure:12515: checking for sys/resource.h
configure:12515: result: yes
configure:12515: checking sys/wait.h usability
configure:12515: gcc -c -Wall -Wextra -g -O3 -fPIC  conftest.c >&5
configure:12515: $? = 0
configure:12515: result: yes
configure:12515: checking sys/wait.h presence
configure:12515: gcc -E  conftest.c
configure:12515: $? = 0
configure:12515: result: yes
configure:12515: checking for sys/wait.h
configure:12515: result: yes
configure:12526: checking for working C++ thread header
configure:12545: g++ -c -Wall -Wextra -std=c++0x -g -O3  conftest.cpp >&5
configure:12545: $? = 0
configure:12558: result: yes
configure:12569: checking for stdbool.h that conforms to C99
configure:12636: gcc -c -Wall -Wextra -g -O3 -fPIC  conftest.c >&5
conftest.c: In function 'main':
conftest.c:86:14: warning: the address of 's' will always evaluate as 'true' [-Waddress]
              bool e = &s;
              ^~~~
conftest.c:90:22: warning: the address of 'a' will always evaluate as 'true' [-Waddress]
              return (!a + !b + !c + !d + !e + !f + !g + !h + !i + !!j + !k + !!l
                      ^
conftest.c:90:27: warning: the address of 'b' will always evaluate as 'true' [-Waddress]
              return (!a + !b + !c + !d + !e + !f + !g + !h + !i + !!j + !k + !!l
                           ^
conftest.c:90:32: warning: the address of 'c' will always evaluate as 'true' [-Waddress]
              return (!a + !b + !c + !d + !e + !f + !g + !h + !i + !!j + !k + !!l
                                ^
conftest.c:90:37: warning: the address of 'd' will always evaluate as 'true' [-Waddress]
              return (!a + !b + !c + !d + !e + !f + !g + !h + !i + !!j + !k + !!l
                                     ^
conftest.c:90:47: warning: the address of 'f' will always evaluate as 'true' [-Waddress]
              return (!a + !b + !c + !d + !e + !f + !g + !h + !i + !!j + !k + !!l
                                               ^
conftest.c:90:52: warning: the address of 'g' will always evaluate as 'true' [-Waddress]
              return (!a + !b + !c + !d + !e + !f + !g + !h + !i + !!j + !k + !!l
                                                    ^
conftest.c:90:57: warning: the address of 'h' will always evaluate as 'true' [-Waddress]
              return (!a + !b + !c + !d + !e + !f + !g + !h + !i + !!j + !k + !!l
                                                         ^
conftest.c:90:62: warning: the address of 'i' will always evaluate as 'true' [-Waddress]
              return (!a + !b + !c + !d + !e + !f + !g + !h + !i + !!j + !k + !!l
                                                              ^
conftest.c:91:29: warning: the address of 'n' will always evaluate as 'true' [-Waddress]
                             ^
conftest.c:91:34: warning: the address of 'o' will always evaluate as 'true' [-Waddress]
                                  ^
conftest.c:91:39: warning: the address of 'p' will always evaluate as 'true' [-Waddress]
                                       ^
configure:12636: $? = 0
configure:12643: result: yes
configure:12645: checking for _Bool
configure:12645: gcc -c -Wall -Wextra -g -O3 -fPIC  conftest.c >&5
configure:12645: $? = 0
configure:12645: gcc -c -Wall -Wextra -g -O3 -fPIC  conftest.c >&5
conftest.c: In function 'main':
conftest.c:73:20: error: expected expression before ')' token
 if (sizeof ((_Bool)))
                    ^
configure:12645: $? = 1
configure: failed program was:
| /* confdefs.h */
| #define PACKAGE_NAME "cudd"
| #define PACKAGE_TARNAME "cudd"
| #define PACKAGE_VERSION "3.0.0"
| #define PACKAGE_STRING "cudd 3.0.0"
| #define PACKAGE_BUGREPORT "Fabio@Colorado.EDU"
| #define PACKAGE_URL ""
| #define PACKAGE "cudd"
| #define VERSION "3.0.0"
| #define STDC_HEADERS 1
| #define HAVE_SYS_TYPES_H 1
| #define HAVE_SYS_STAT_H 1
| #define HAVE_STDLIB_H 1
| #define HAVE_STRING_H 1
| #define HAVE_MEMORY_H 1
| #define HAVE_STRINGS_H 1
| #define HAVE_INTTYPES_H 1
| #define HAVE_STDINT_H 1
| #define HAVE_UNISTD_H 1
| #define HAVE_DLFCN_H 1
| #define LT_OBJDIR ".libs/"
| #define HAVE_FLOAT_H 1
| #define HAVE_INTTYPES_H 1
| #define HAVE_LIMITS_H 1
| #define HAVE_STDDEF_H 1
| #define HAVE_STDLIB_H 1
| #define HAVE_STRING_H 1
| #define HAVE_ASSERT_H 1
| #define HAVE_MATH_H 1
| #define HAVE_UNISTD_H 1
| #define HAVE_SYS_TIME_H 1
| #define HAVE_SYS_TIMES_H 1
| #define HAVE_SYS_RESOURCE_H 1
| #define HAVE_SYS_WAIT_H 1
| #define HAVE_WORKING_THREAD 1
| /* end confdefs.h.  */
| #include <stdio.h>
| #ifdef HAVE_SYS_TYPES_H
| # include <sys/types.h>
| #endif
| #ifdef HAVE_SYS_STAT_H
| # include <sys/stat.h>
| #endif
| #ifdef STDC_HEADERS
| # include <stdlib.h>
| # include <stddef.h>
| #else
| # ifdef HAVE_STDLIB_H
| #  include <stdlib.h>
| # endif
| #endif
| #ifdef HAVE_STRING_H
| # if !defined STDC_HEADERS && defined HAVE_MEMORY_H
| #  include <memory.h>
| # endif
| # include <string.h>
| #endif
| #ifdef HAVE_STRINGS_H
| # include <strings.h>
| #endif
| #ifdef HAVE_INTTYPES_H
| # include <inttypes.h>
| #endif
| #ifdef HAVE_STDINT_H
| # include <stdint.h>
| #endif
| #ifdef HAVE_UNISTD_H
| # include <unistd.h>
| #endif
| int
| main ()
| {
| if (sizeof ((_Bool)))
| 	    return 0;
|   ;
|   return 0;
| }
configure:12645: result: yes
configure:12656: checking for inline
configure:12672: gcc -c -Wall -Wextra -g -O3 -fPIC  conftest.c >&5
configure:12672: $? = 0
configure:12680: result: inline
configure:12698: checking for size_t
configure:12698: gcc -c -Wall -Wextra -g -O3 -fPIC  conftest.c >&5
configure:12698: $? = 0
configure:12698: gcc -c -Wall -Wextra -g -O3 -fPIC  conftest.c >&5
conftest.c: In function 'main':
conftest.c:74:21: error: expected expression before ')' token
 if (sizeof ((size_t)))
                     ^
configure:12698: $? = 1
configure: failed program was:
| /* confdefs.h */
| #define PACKAGE_NAME "cudd"
| #define PACKAGE_TARNAME "cudd"
| #define PACKAGE_VERSION "3.0.0"
| #define PACKAGE_STRING "cudd 3.0.0"
| #define PACKAGE_BUGREPORT "Fabio@Colorado.EDU"
| #define PACKAGE_URL ""
| #define PACKAGE "cudd"
| #define VERSION "3.0.0"
| #define STDC_HEADERS 1
| #define HAVE_SYS_TYPES_H 1
| #define HAVE_SYS_STAT_H 1
| #define HAVE_STDLIB_H 1
| #define HAVE_STRING_H 1
| #define HAVE_MEMORY_H 1
| #define HAVE_STRINGS_H 1
| #define HAVE_INTTYPES_H 1
| #define HAVE_STDINT_H 1
| #define HAVE_UNISTD_H 1
| #define HAVE_DLFCN_H 1
| #define LT_OBJDIR ".libs/"
| #define HAVE_FLOAT_H 1
| #define HAVE_INTTYPES_H 1
| #define HAVE_LIMITS_H 1
| #define HAVE_STDDEF_H 1
| #define HAVE_STDLIB_H 1
| #define HAVE_STRING_H 1
| #define HAVE_ASSERT_H 1
| #define HAVE_MATH_H 1
| #define HAVE_UNISTD_H 1
| #define HAVE_SYS_TIME_H 1
| #define HAVE_SYS_TIMES_H 1
| #define HAVE_SYS_RESOURCE_H 1
| #define HAVE_SYS_WAIT_H 1
| #define HAVE_WORKING_THREAD 1
| #define HAVE__BOOL 1
| /* end confdefs.h.  */
| #include <stdio.h>
| #ifdef HAVE_SYS_TYPES_H
| # include <sys/types.h>
| #endif
| #ifdef HAVE_SYS_STAT_H
| # include <sys/stat.h>
| #endif
| #ifdef STDC_HEADERS
| # include <stdlib.h>
| # include <stddef.h>
| #else
| # ifdef HAVE_STDLIB_H
| #  include <stdlib.h>
| # endif
| #endif
| #ifdef HAVE_STRING_H
| # if !defined STDC_HEADERS && defined HAVE_MEMORY_H
| #  include <memory.h>
| # endif
| # include <string.h>
| #endif
| #ifdef HAVE_STRINGS_H
| # include <strings.h>
| #endif
| #ifdef HAVE_INTTYPES_H
| # include <inttypes.h>
| #endif
| #ifdef HAVE_STDINT_H
| # include <stdint.h>
| #endif
| #ifdef HAVE_UNISTD_H
| # include <unistd.h>
| #endif
| int
| main ()
| {
| if (sizeof ((size_t)))
| 	    return 0;
|   ;
|   return 0;
| }
configure:12698: result: yes
configure:12709: checking for uint16_t
configure:12709: gcc -c -Wall -Wextra -g -O3 -fPIC  conftest.c >&5
configure:12709: $? = 0
configure:12709: result: yes
configure:12721: checking for uint32_t
configure:12721: gcc -c -Wall -Wextra -g -O3 -fPIC  conftest.c >&5
configure:12721: $? = 0
configure:12721: result: yes
configure:12735: checking for ptrdiff_t
configure:12735: gcc -c -Wall -Wextra -g -O3 -fPIC  conftest.c >&5
configure:12735: $? = 0
configure:12735: gcc -c -Wall -Wextra -g -O3 -fPIC  conftest.c >&5
conftest.c: In function 'main':
conftest.c:74:24: error: expected expression before ')' token
 if (sizeof ((ptrdiff_t)))
                        ^
configure:12735: $? = 1
configure: failed program was:
| /* confdefs.h */
| #define PACKAGE_NAME "cudd"
| #define PACKAGE_TARNAME "cudd"
| #define PACKAGE_VERSION "3.0.0"
| #define PACKAGE_STRING "cudd 3.0.0"
| #define PACKAGE_BUGREPORT "Fabio@Colorado.EDU"
| #define PACKAGE_URL ""
| #define PACKAGE "cudd"
| #define VERSION "3.0.0"
| #define STDC_HEADERS 1
| #define HAVE_SYS_TYPES_H 1
| #define HAVE_SYS_STAT_H 1
| #define HAVE_STDLIB_H 1
| #define HAVE_STRING_H 1
| #define HAVE_MEMORY_H 1
| #define HAVE_STRINGS_H 1
| #define HAVE_INTTYPES_H 1
| #define HAVE_STDINT_H 1
| #define HAVE_UNISTD_H 1
| #define HAVE_DLFCN_H 1
| #define LT_OBJDIR ".libs/"
| #define HAVE_FLOAT_H 1
| #define HAVE_INTTYPES_H 1
| #define HAVE_LIMITS_H 1
| #define HAVE_STDDEF_H 1
| #define HAVE_STDLIB_H 1
| #define HAVE_STRING_H 1
| #define HAVE_ASSERT_H 1
| #define HAVE_MATH_H 1
| #define HAVE_UNISTD_H 1
| #define HAVE_SYS_TIME_H 1
| #define HAVE_SYS_TIMES_H 1
| #define HAVE_SYS_RESOURCE_H 1
| #define HAVE_SYS_WAIT_H 1
| #define HAVE_WORKING_THREAD 1
| #define HAVE__BOOL 1
| /* end confdefs.h.  */
| #include <stdio.h>
| #ifdef HAVE_SYS_TYPES_H
| # include <sys/types.h>
| #endif
| #ifdef HAVE_SYS_STAT_H
| # include <sys/stat.h>
| #endif
| #ifdef STDC_HEADERS
| # include <stdlib.h>
| # include <stddef.h>
| #else
| # ifdef HAVE_STDLIB_H
| #  include <stdlib.h>
| # endif
| #endif
| #ifdef HAVE_STRING_H
| # if !defined STDC_HEADERS && defined HAVE_MEMORY_H
| #  include <memory.h>
| # endif
| # include <string.h>
| #endif
| #ifdef HAVE_STRINGS_H
| # include <strings.h>
| #endif
| #ifdef HAVE_INTTYPES_H
| # include <inttypes.h>
| #endif
| #ifdef HAVE_STDINT_H
| # include <stdint.h>
| #endif
| #ifdef HAVE_UNISTD_H
| # include <unistd.h>
| #endif
| int
| main ()
| {
| if (sizeof ((ptrdiff_t)))
| 	    return 0;
|   ;
|   return 0;
| }
configure:12735: result: yes
configure:12749: checking size of int
configure:12754: gcc -o conftest -Wall -Wextra -g -O3 -fPIC   conftest.c -lm  >&5
configure:12754: $? = 0
configure:12754: ./conftest
configure:12754: $? = 0
configure:12768: result: 4
configure:12782: checking size of long
configure:12787: gcc -o conftest -Wall -Wextra -g -O3 -fPIC   conftest.c -lm  >&5
configure:12787: $? = 0
configure:12787: ./conftest
configure:12787: $? = 0
configure:12801: result: 8
configure:12815: checking size of void *
configure:12820: gcc -o conftest -Wall -Wextra -g -O3 -fPIC   conftest.c -lm  >&5
configure:12820: $? = 0
configure:12820: ./conftest
configure:12820: $? = 0
configure:12834: result: 8
configure:12848: checking size of long double
configure:12853: gcc -o conftest -Wall -Wextra -g -O3 -fPIC   conftest.c -lm  >&5
configure:12853: $? = 0
configure:12853: ./conftest
configure:12853: $? = 0
configure:12867: result: 16
configure:12877: checking whether we are building for a Win32 host
configure:12889: gcc -c -Wall -Wextra -g -O3 -fPIC  conftest.c >&5
configure:12889: $? = 0
configure:12896: result: no
configure:12911: checking whether enough of C++11 is supported
configure:12930: g++ -c -Wall -Wextra -std=c++0x -g -O3  conftest.cpp >&5
conftest.cpp: In function 'int main()':
conftest.cpp:46:9: warning: unused variable 'p' [-Wunused-variable]
   void *p = nullptr;
         ^
configure:12930: $? = 0
configure:12943: result: yes
configure:12956: checking for pow
configure:12956: gcc -o conftest -Wall -Wextra -g -O3 -fPIC   conftest.c -lm  >&5
conftest.c:67:6: warning: conflicting types for built-in function 'pow' [-Wbuiltin-declaration-mismatch]
 char pow ();
      ^~~
configure:12956: $? = 0
configure:12956: result: yes
configure:12956: checking for sqrt
configure:12956: gcc -o conftest -Wall -Wextra -g -O3 -fPIC   conftest.c -lm  >&5
conftest.c:68:6: warning: conflicting types for built-in function 'sqrt' [-Wbuiltin-declaration-mismatch]
 char sqrt ();
      ^~~~
configure:12956: $? = 0
configure:12956: result: yes
configure:12956: checking for strchr
configure:12956: gcc -o conftest -Wall -Wextra -g -O3 -fPIC   conftest.c -lm  >&5
conftest.c:69:6: warning: conflicting types for built-in function 'strchr' [-Wbuiltin-declaration-mismatch]
 char strchr ();
      ^~~~~~
configure:12956: $? = 0
configure:12956: result: yes
configure:12956: checking for strstr
configure:12956: gcc -o conftest -Wall -Wextra -g -O3 -fPIC   conftest.c -lm  >&5
conftest.c:70:6: warning: conflicting types for built-in function 'strstr' [-Wbuiltin-declaration-mismatch]
 char strstr ();
      ^~~~~~
configure:12956: $? = 0
configure:12956: result: yes
configure:12974: checking for powl
configure:12974: gcc -o conftest -Wall -Wextra -g -O3 -fPIC   conftest.c -lm  >&5
conftest.c:71:6: warning: conflicting types for built-in function 'powl' [-Wbuiltin-declaration-mismatch]
 char powl ();
      ^~~~
configure:12974: $? = 0
configure:12974: result: yes
configure:12974: checking for gethostname
configure:12974: gcc -o conftest -Wall -Wextra -g -O3 -fPIC   conftest.c -lm  >&5
configure:12974: $? = 0
configure:12974: result: yes
configure:12974: checking for getrlimit
configure:12974: gcc -o conftest -Wall -Wextra -g -O3 -fPIC   conftest.c -lm  >&5
configure:12974: $? = 0
configure:12974: result: yes
configure:12974: checking for getrusage
configure:12974: gcc -o conftest -Wall -Wextra -g -O3 -fPIC   conftest.c -lm  >&5
configure:12974: $? = 0
configure:12974: result: yes
configure:12974: checking for sysconf
configure:12974: gcc -o conftest -Wall -Wextra -g -O3 -fPIC   conftest.c -lm  >&5
configure:12974: $? = 0
configure:12974: result: yes
configure:12986: checking for +Infinity (IEEE 754 floating point)
configure:13005: gcc -o conftest -Wall -Wextra -g -O3 -fPIC   conftest.c -lm  >&5
conftest.c:55:1: warning: return type defaults to 'int' [-Wimplicit-int]
 main(void)
 ^~~~
configure:13005: $? = 0
configure:13005: ./conftest
configure:13005: $? = 0
configure:13036: result: yes
configure:13165: checking that generated files are newer than configure
configure:13171: result: done
configure:13227: creating ./config.status

## ---------------------- ##
## Running config.status. ##
## ---------------------- ##

This file was extended by cudd config.status 3.0.0, which was
generated by GNU Autoconf 2.69.  Invocation command line was

  CONFIG_FILES    = 
  CONFIG_HEADERS  = 
  CONFIG_LINKS    = 
  CONFIG_COMMANDS = 
  $ ./config.status 

on debian10

config.status:1199: creating doc/cudd.tex
config.status:1199: creating Makefile
config.status:1199: creating dddmp/exp/test1.sh
config.status:1199: creating dddmp/exp/test2.sh
config.status:1199: creating dddmp/exp/test3.sh
config.status:1199: creating dddmp/exp/test4.sh
config.status:1199: creating dddmp/exp/test5.sh
config.status:1199: creating dddmp/exp/test6.sh
config.status:1199: creating dddmp/exp/test7.sh
config.status:1199: creating config.h
config.status:1428: executing depfiles commands
config.status:1505: cd .       && sed -e '/# am--include-marker/d' Makefile         | make -f - am--depfiles
config.status:1510: $? = 0
config.status:1428: executing libtool commands

## ---------------- ##
## Cache variables. ##
## ---------------- ##

ac_cv_build=x86_64-unknown-linux-gnu
ac_cv_c_bigendian=no
ac_cv_c_compiler_gnu=yes
ac_cv_c_inline=inline
ac_cv_c_uint16_t=yes
ac_cv_c_uint32_t=yes
ac_cv_cxx_compiler_gnu=yes
ac_cv_env_CCC_set=
ac_cv_env_CCC_value=
ac_cv_env_CC_set=set
ac_cv_env_CC_value=gcc
ac_cv_env_CFLAGS_set=set
ac_cv_env_CFLAGS_value='-Wall -Wextra -g -O3 -fPIC'
ac_cv_env_CPPFLAGS_set=
ac_cv_env_CPPFLAGS_value=
ac_cv_env_CPP_set=
ac_cv_env_CPP_value=
ac_cv_env_CXXCPP_set=
ac_cv_env_CXXCPP_value=
ac_cv_env_CXXFLAGS_set=
ac_cv_env_CXXFLAGS_value=
ac_cv_env_CXX_set=
ac_cv_env_CXX_value=
ac_cv_env_LDFLAGS_set=
ac_cv_env_LDFLAGS_value=
ac_cv_env_LIBS_set=
ac_cv_env_LIBS_value=
ac_cv_env_build_alias_set=
ac_cv_env_build_alias_value=
ac_cv_env_host_alias_set=
ac_cv_env_host_alias_value=
ac_cv_env_target_alias_set=
ac_cv_env_target_alias_value=
ac_cv_func_gethostname=yes
ac_cv_func_getrlimit=yes
ac_cv_func_getrusage=yes
ac_cv_func_pow=yes
ac_cv_func_powl=yes
ac_cv_func_sqrt=yes
ac_cv_func_strchr=yes
ac_cv_func_strstr=yes
ac_cv_func_sysconf=yes
ac_cv_have_ieee_754=yes
ac_cv_have_modern_cxx=yes
ac_cv_header_assert_h=yes
ac_cv_header_dlfcn_h=yes
ac_cv_header_float_h=yes
ac_cv_header_inttypes_h=yes
ac_cv_header_limits_h=yes
ac_cv_header_math_h=yes
ac_cv_header_memory_h=yes
ac_cv_header_stdbool_h=yes
ac_cv_header_stdc=yes
ac_cv_header_stddef_h=yes
ac_cv_header_stdint_h=yes
ac_cv_header_stdlib_h=yes
ac_cv_header_string_h=yes
ac_cv_header_strings_h=yes
ac_cv_header_sys_resource_h=yes
ac_cv_header_sys_stat_h=yes
ac_cv_header_sys_time_h=yes
ac_cv_header_sys_times_h=yes
ac_cv_header_sys_types_h=yes
ac_cv_header_sys_wait_h=yes
ac_cv_header_unistd_h=yes
ac_cv_host=x86_64-unknown-linux-gnu
ac_cv_lib_pthread_pthread_create=yes
ac_cv_objext=o
ac_cv_path_EGREP='/usr/bin/grep -E'
ac_cv_path_FGREP='/usr/bin/grep -F'
ac_cv_path_GREP=/usr/bin/grep
ac_cv_path_SED=/usr/bin/sed
ac_cv_path_install='/usr/bin/install -c'
ac_cv_path_mkdir=/usr/bin/mkdir
ac_cv_prog_AWK=mawk
ac_cv_prog_CPP='gcc -E'
ac_cv_prog_CXXCPP='g++ -E'
ac_cv_prog_MAKEINDEX=makeindex
ac_cv_prog_PDFLATEX=pdflatex
ac_cv_prog_ac_ct_AR=ar
ac_cv_prog_ac_ct_CC=gcc
ac_cv_prog_ac_ct_CXX=g++
ac_cv_prog_ac_ct_MANIFEST_TOOL=mt
ac_cv_prog_ac_ct_OBJDUMP=objdump
ac_cv_prog_ac_ct_RANLIB=ranlib
ac_cv_prog_ac_ct_STRIP=strip
ac_cv_prog_cc_c89=
ac_cv_prog_cc_g=yes
ac_cv_prog_cxx_g=yes
ac_cv_prog_make_make_set=yes
ac_cv_search_GetProcessMemoryInfo=no
ac_cv_search_WSAStartup=no
ac_cv_search_pow=-lm
ac_cv_sizeof_int=4
ac_cv_sizeof_long=8
ac_cv_sizeof_long_double=16
ac_cv_sizeof_void_p=8
ac_cv_type__Bool=yes
ac_cv_type_ptrdiff_t=yes
ac_cv_type_size_t=yes
am_cv_CC_dependencies_compiler_type=gcc3
am_cv_CXX_dependencies_compiler_type=gcc3
am_cv_ar_interface=ar
am_cv_make_support_nested_variables=yes
am_cv_prog_cc_c_o=yes
lt_cv_ar_at_file=@
lt_cv_deplibs_check_method=pass_all
lt_cv_file_magic_cmd='$MAGIC_CMD'
lt_cv_file_magic_test_file=
lt_cv_ld_reload_flag=-r
lt_cv_nm_interface='BSD nm'
lt_cv_objdir=.libs
lt_cv_path_LD=/usr/bin/ld
lt_cv_path_LDCXX='/usr/bin/ld -m elf_x86_64'
lt_cv_path_NM='/usr/bin/nm -B'
lt_cv_path_mainfest_tool=no
lt_cv_prog_compiler_c_o=yes
lt_cv_prog_compiler_c_o_CXX=yes
lt_cv_prog_compiler_pic='-fPIC -DPIC'
lt_cv_prog_compiler_pic_CXX='-fPIC -DPIC'
lt_cv_prog_compiler_pic_works=yes
lt_cv_prog_compiler_pic_works_CXX=yes
lt_cv_prog_compiler_rtti_exceptions=no
lt_cv_prog_compiler_static_works=yes
lt_cv_prog_compiler_static_works_CXX=yes
lt_cv_prog_gnu_ld=yes
lt_cv_prog_gnu_ldcxx=yes
lt_cv_sharedlib_from_linklib_cmd='printf %s\n'
lt_cv_shlibpath_overrides_runpath=yes
lt_cv_sys_global_symbol_pipe='sed -n -e '\''s/^.*[	 ]\([ABCDGIRSTW][ABCDGIRSTW]*\)[	 ][	 ]*\([_A-Za-z][_A-Za-z0-9]*\)$/\1 \2 \2/p'\'' | sed '\''/ __gnu_lto/d'\'''
lt_cv_sys_global_symbol_to_c_name_address='sed -n -e '\''s/^: \([^ ]*\)[ ]*$/  {\"\1\", (void *) 0},/p'\'' -e '\''s/^[ABCDGIRSTW]* \([^ ]*\) \([^ ]*\)$/  {"\2", (void *) \&\2},/p'\'''
lt_cv_sys_global_symbol_to_c_name_address_lib_prefix='sed -n -e '\''s/^: \([^ ]*\)[ ]*$/  {\"\1\", (void *) 0},/p'\'' -e '\''s/^[ABCDGIRSTW]* \([^ ]*\) \(lib[^ ]*\)$/  {"\2", (void *) \&\2},/p'\'' -e '\''s/^[ABCDGIRSTW]* \([^ ]*\) \([^ ]*\)$/  {"lib\2", (void *) \&\2},/p'\'''
lt_cv_sys_global_symbol_to_cdecl='sed -n -e '\''s/^T .* \(.*\)$/extern int \1();/p'\'' -e '\''s/^[ABCDGIRSTW]* .* \(.*\)$/extern char \1;/p'\'''
lt_cv_sys_max_cmd_len=1572864
lt_cv_to_host_file_cmd=func_convert_file_noop
lt_cv_to_tool_file_cmd=func_convert_file_noop
mingw_cv_win32_host=no

## ----------------- ##
## Output variables. ##
## ----------------- ##

ACLOCAL='${SHELL} /opt/logicmoo_workspace/packs_lib/bddem/cudd-3.0.0/build-aux/missing aclocal-1.16'
AMDEPBACKSLASH='\'
AMDEP_FALSE='#'
AMDEP_TRUE=''
AMTAR='$${TAR-tar}'
AM_BACKSLASH='\'
AM_DEFAULT_V='$(AM_DEFAULT_VERBOSITY)'
AM_DEFAULT_VERBOSITY='1'
AM_V='$(V)'
AR='ar'
AS='as'
AUTOCONF='${SHELL} /opt/logicmoo_workspace/packs_lib/bddem/cudd-3.0.0/build-aux/missing autoconf'
AUTOHEADER='${SHELL} /opt/logicmoo_workspace/packs_lib/bddem/cudd-3.0.0/build-aux/missing autoheader'
AUTOMAKE='${SHELL} /opt/logicmoo_workspace/packs_lib/bddem/cudd-3.0.0/build-aux/missing automake-1.16'
AWK='mawk'
CC='gcc'
CCDEPMODE='depmode=gcc3'
CFLAGS='-Wall -Wextra -g -O3 -fPIC'
CPP='gcc -E'
CPPFLAGS=''
CROSS_COMPILING_FALSE=''
CROSS_COMPILING_TRUE='#'
CXX='g++'
CXXCPP='g++ -E'
CXXDEPMODE='depmode=gcc3'
CXXFLAGS='-Wall -Wextra -std=c++0x -g -O3'
CYGPATH_W='echo'
DDDMP_FALSE=''
DDDMP_TRUE='#'
DEFS='-DHAVE_CONFIG_H'
DEPDIR='.deps'
DLLTOOL='false'
DOXYGEN=''
DSYMUTIL=''
DUMPBIN=''
ECHO_C=''
ECHO_N='-n'
ECHO_T=''
EGREP='/usr/bin/grep -E'
EXEEXT=''
FGREP='/usr/bin/grep -F'
GREP='/usr/bin/grep'
HAVE_DOXYGEN_FALSE=''
HAVE_DOXYGEN_TRUE='#'
HAVE_PDFLATEX_FALSE='#'
HAVE_PDFLATEX_TRUE=''
HAVE_PTHREADS_FALSE='#'
HAVE_PTHREADS_TRUE=''
INSTALL_DATA='${INSTALL} -m 644'
INSTALL_PROGRAM='${INSTALL}'
INSTALL_SCRIPT='${INSTALL}'
INSTALL_STRIP_PROGRAM='$(install_sh) -c -s'
LD='/usr/bin/ld -m elf_x86_64'
LDFLAGS=''
LIBOBJS=''
LIBS='-lm '
LIBTOOL='$(SHELL) $(top_builddir)/libtool'
LIPO=''
LN_S='ln -s'
LTLIBOBJS=''
MAKEINDEX='makeindex'
MAKEINFO='${SHELL} /opt/logicmoo_workspace/packs_lib/bddem/cudd-3.0.0/build-aux/missing makeinfo'
MANIFEST_TOOL=':'
MINGW64_FALSE=''
MINGW64_TRUE='#'
MKDIR_P='/usr/bin/mkdir -p'
NM='/usr/bin/nm -B'
NMEDIT=''
OBJDUMP='objdump'
OBJEXT='o'
OBJ_FALSE=''
OBJ_TRUE='#'
OTOOL64=''
OTOOL=''
PACKAGE='cudd'
PACKAGE_BUGREPORT='Fabio@Colorado.EDU'
PACKAGE_NAME='cudd'
PACKAGE_STRING='cudd 3.0.0'
PACKAGE_TARNAME='cudd'
PACKAGE_URL=''
PACKAGE_VERSION='3.0.0'
PATH_SEPARATOR=':'
PDFLATEX='pdflatex'
RANLIB='ranlib'
SED='/usr/bin/sed'
SET_MAKE=''
SHELL='/bin/bash'
STRIP='strip'
VERSION='3.0.0'
ac_ct_AR='ar'
ac_ct_CC='gcc'
ac_ct_CXX='g++'
ac_ct_DUMPBIN=''
am__EXEEXT_FALSE=''
am__EXEEXT_TRUE='#'
am__fastdepCC_FALSE='#'
am__fastdepCC_TRUE=''
am__fastdepCXX_FALSE='#'
am__fastdepCXX_TRUE=''
am__include='include'
am__isrc=''
am__leading_dot='.'
am__nodep='_no'
am__quote=''
am__tar='$${TAR-tar} chof - "$$tardir"'
am__untar='$${TAR-tar} xf -'
bindir='${exec_prefix}/bin'
build='x86_64-unknown-linux-gnu'
build_alias=''
build_cpu='x86_64'
build_os='linux-gnu'
build_vendor='unknown'
datadir='${datarootdir}'
datarootdir='${prefix}/share'
docdir='${datarootdir}/doc/${PACKAGE_TARNAME}'
dvidir='${docdir}'
exec_prefix='${prefix}'
host='x86_64-unknown-linux-gnu'
host_alias=''
host_cpu='x86_64'
host_os='linux-gnu'
host_vendor='unknown'
htmldir='${docdir}'
includedir='${prefix}/include'
infodir='${datarootdir}/info'
install_sh='${SHELL} /opt/logicmoo_workspace/packs_lib/bddem/cudd-3.0.0/build-aux/install-sh'
libdir='${exec_prefix}/lib'
libexecdir='${exec_prefix}/libexec'
localedir='${datarootdir}/locale'
localstatedir='${prefix}/var'
mandir='${datarootdir}/man'
mkdir_p='$(MKDIR_P)'
oldincludedir='/usr/include'
pdfdir='${docdir}'
prefix='/usr/local'
program_transform_name='s,x,x,'
psdir='${docdir}'
runstatedir='${localstatedir}/run'
sbindir='${exec_prefix}/sbin'
sharedstatedir='${prefix}/com'
sysconfdir='${prefix}/etc'
target_alias=''

## ----------- ##
## confdefs.h. ##
## ----------- ##

/* confdefs.h */
#define PACKAGE_NAME "cudd"
#define PACKAGE_TARNAME "cudd"
#define PACKAGE_VERSION "3.0.0"
#define PACKAGE_STRING "cudd 3.0.0"
#define PACKAGE_BUGREPORT "Fabio@Colorado.EDU"
#define PACKAGE_URL ""
#define PACKAGE "cudd"
#define VERSION "3.0.0"
#define STDC_HEADERS 1
#define HAVE_SYS_TYPES_H 1
#define HAVE_SYS_STAT_H 1
#define HAVE_STDLIB_H 1
#define HAVE_STRING_H 1
#define HAVE_MEMORY_H 1
#define HAVE_STRINGS_H 1
#define HAVE_INTTYPES_H 1
#define HAVE_STDINT_H 1
#define HAVE_UNISTD_H 1
#define HAVE_DLFCN_H 1
#define LT_OBJDIR ".libs/"
#define HAVE_FLOAT_H 1
#define HAVE_INTTYPES_H 1
#define HAVE_LIMITS_H 1
#define HAVE_STDDEF_H 1
#define HAVE_STDLIB_H 1
#define HAVE_STRING_H 1
#define HAVE_ASSERT_H 1
#define HAVE_MATH_H 1
#define HAVE_UNISTD_H 1
#define HAVE_SYS_TIME_H 1
#define HAVE_SYS_TIMES_H 1
#define HAVE_SYS_RESOURCE_H 1
#define HAVE_SYS_WAIT_H 1
#define HAVE_WORKING_THREAD 1
#define HAVE__BOOL 1
#define HAVE_PTRDIFF_T 1
#define SIZEOF_INT 4
#define SIZEOF_LONG 8
#define SIZEOF_VOID_P 8
#define SIZEOF_LONG_DOUBLE 16
#define HAVE_MODERN_CXX 1
#define HAVE_POW 1
#define HAVE_SQRT 1
#define HAVE_STRCHR 1
#define HAVE_STRSTR 1
#define HAVE_POWL 1
#define HAVE_GETHOSTNAME 1
#define HAVE_GETRLIMIT 1
#define HAVE_GETRUSAGE 1
#define HAVE_SYSCONF 1
#define HAVE_IEEE_754 1

configure: exit 0
