2001.11.20 17:27 B C:\Trindikit\godis2.newsyntax\VcrPhone\device_phone.pl <-- enterprise /users/ling/sl/Jobb/TRINDI/TRINDIKIT/godis2.newsyntax/VcrPhone device_phone.pl
2001.11.20 17:27 B C:\Trindikit\godis2.newsyntax\VcrPhone\device_phone.pl~ <-- enterprise /users/ling/sl/Jobb/TRINDI/TRINDIKIT/godis2.newsyntax/VcrPhone device_phone.pl~
2001.11.20 17:27 B C:\Trindikit\godis2.newsyntax\VcrPhone\device_vcr.pl <-- enterprise /users/ling/sl/Jobb/TRINDI/TRINDIKIT/godis2.newsyntax/VcrPhone device_vcr.pl
2001.11.20 17:27 B C:\Trindikit\godis2.newsyntax\VcrPhone\device_vcr.pl~ <-- enterprise /users/ling/sl/Jobb/TRINDI/TRINDIKIT/godis2.newsyntax/VcrPhone device_vcr.pl~
2001.11.20 17:27 B C:\Trindikit\godis2.newsyntax\VcrPhone\digits_english.pl <-- enterprise /users/ling/sl/Jobb/TRINDI/TRINDIKIT/godis2.newsyntax/VcrPhone digits_english.pl
2001.11.20 17:27 B C:\Trindikit\godis2.newsyntax\VcrPhone\digits_svenska.pl <-- enterprise /users/ling/sl/Jobb/TRINDI/TRINDIKIT/godis2.newsyntax/VcrPhone digits_svenska.pl
2001.11.20 17:27 B C:\Trindikit\godis2.newsyntax\VcrPhone\domain_vcrphone.pl <-- enterprise /users/ling/sl/Jobb/TRINDI/TRINDIKIT/godis2.newsyntax/VcrPhone domain_vcrphone.pl
2001.11.20 17:27 B C:\Trindikit\godis2.newsyntax\VcrPhone\domain_vcrphone.pl~ <-- enterprise /users/ling/sl/Jobb/TRINDI/TRINDIKIT/godis2.newsyntax/VcrPhone domain_vcrphone.pl~
2001.11.20 17:27 B C:\Trindikit\godis2.newsyntax\VcrPhone\lexicon_numbers.pl <-- enterprise /users/ling/sl/Jobb/TRINDI/TRINDIKIT/godis2.newsyntax/VcrPhone lexicon_numbers.pl
2001.11.20 17:27 B C:\Trindikit\godis2.newsyntax\VcrPhone\lexicon_vcrphone_english.pl <-- enterprise /users/ling/sl/Jobb/TRINDI/TRINDIKIT/godis2.newsyntax/VcrPhone lexicon_vcrphone_english.pl
2001.11.20 17:27 B C:\Trindikit\godis2.newsyntax\VcrPhone\lexicon_vcrphone_english.pl~ <-- enterprise /users/ling/sl/Jobb/TRINDI/TRINDIKIT/godis2.newsyntax/VcrPhone lexicon_vcrphone_english.pl~
2001.11.20 17:27 B C:\Trindikit\godis2.newsyntax\VcrPhone\lexicon_vcrphone_svenska.pl <-- enterprise /users/ling/sl/Jobb/TRINDI/TRINDIKIT/godis2.newsyntax/VcrPhone lexicon_vcrphone_svenska.pl
2001.11.20 17:27 B C:\Trindikit\godis2.newsyntax\VcrPhone\telephone_names.pl <-- enterprise /users/ling/sl/Jobb/TRINDI/TRINDIKIT/godis2.newsyntax/VcrPhone telephone_names.pl
2001.11.20 17:27 B C:\Trindikit\godis2.newsyntax\VcrPhone\vcr_languages.pl <-- enterprise /users/ling/sl/Jobb/TRINDI/TRINDIKIT/godis2.newsyntax/VcrPhone vcr_languages.pl
2001.11.20 18:11 B C:\Trindikit\godis2.newsyntax\VcrPhone\device_phone.pl --> ftp.cling.gu.se /users/cling/cling97/cl7dhjel/Trindikit/godis2.newsyntax/VcrPhone device_phone.pl
2001.11.20 18:11 B C:\Trindikit\godis2.newsyntax\VcrPhone\device_phone.pl~ --> ftp.cling.gu.se /users/cling/cling97/cl7dhjel/Trindikit/godis2.newsyntax/VcrPhone device_phone.pl~
2001.11.20 18:11 B C:\Trindikit\godis2.newsyntax\VcrPhone\device_vcr.pl --> ftp.cling.gu.se /users/cling/cling97/cl7dhjel/Trindikit/godis2.newsyntax/VcrPhone device_vcr.pl
2001.11.20 18:11 B C:\Trindikit\godis2.newsyntax\VcrPhone\device_vcr.pl~ --> ftp.cling.gu.se /users/cling/cling97/cl7dhjel/Trindikit/godis2.newsyntax/VcrPhone device_vcr.pl~
2001.11.20 18:11 B C:\Trindikit\godis2.newsyntax\VcrPhone\digits_english.pl --> ftp.cling.gu.se /users/cling/cling97/cl7dhjel/Trindikit/godis2.newsyntax/VcrPhone digits_english.pl
2001.11.20 18:11 B C:\Trindikit\godis2.newsyntax\VcrPhone\digits_svenska.pl --> ftp.cling.gu.se /users/cling/cling97/cl7dhjel/Trindikit/godis2.newsyntax/VcrPhone digits_svenska.pl
2001.11.20 18:11 B C:\Trindikit\godis2.newsyntax\VcrPhone\domain_vcrphone.pl --> ftp.cling.gu.se /users/cling/cling97/cl7dhjel/Trindikit/godis2.newsyntax/VcrPhone domain_vcrphone.pl
2001.11.20 18:11 B C:\Trindikit\godis2.newsyntax\VcrPhone\domain_vcrphone.pl~ --> ftp.cling.gu.se /users/cling/cling97/cl7dhjel/Trindikit/godis2.newsyntax/VcrPhone domain_vcrphone.pl~
2001.11.20 18:11 B C:\Trindikit\godis2.newsyntax\VcrPhone\lexicon_numbers.pl --> ftp.cling.gu.se /users/cling/cling97/cl7dhjel/Trindikit/godis2.newsyntax/VcrPhone lexicon_numbers.pl
2001.11.20 18:11 B C:\Trindikit\godis2.newsyntax\VcrPhone\lexicon_vcrphone_english.pl --> ftp.cling.gu.se /users/cling/cling97/cl7dhjel/Trindikit/godis2.newsyntax/VcrPhone lexicon_vcrphone_english.pl
2001.11.20 18:11 B C:\Trindikit\godis2.newsyntax\VcrPhone\lexicon_vcrphone_english.pl~ --> ftp.cling.gu.se /users/cling/cling97/cl7dhjel/Trindikit/godis2.newsyntax/VcrPhone lexicon_vcrphone_english.pl~
2001.11.20 18:11 B C:\Trindikit\godis2.newsyntax\VcrPhone\lexicon_vcrphone_svenska.pl --> ftp.cling.gu.se /users/cling/cling97/cl7dhjel/Trindikit/godis2.newsyntax/VcrPhone lexicon_vcrphone_svenska.pl
2001.11.20 18:11 B C:\Trindikit\godis2.newsyntax\VcrPhone\telephone_names.pl --> ftp.cling.gu.se /users/cling/cling97/cl7dhjel/Trindikit/godis2.newsyntax/VcrPhone telephone_names.pl
2001.11.20 18:11 B C:\Trindikit\godis2.newsyntax\VcrPhone\vcr_languages.pl --> ftp.cling.gu.se /users/cling/cling97/cl7dhjel/Trindikit/godis2.newsyntax/VcrPhone vcr_languages.pl
