Arguments: 
  /usr/bin/node /usr/local/bin/yarn info

PATH: 
  /opt/logicmoo_workspace/bin:/usr/local/sbin:/usr/local/bin:/usr/sbin:/usr/bin:/sbin:/bin:/root/.dotnet/tools:/opt/logicmoo_workspace/packs_lib/sparqlprog/bin

Yarn version: 
  1.22.10

Node version: 
  12.21.0

Platform: 
  linux x64

Trace: 
  TypeError: Cannot read property '1' of null
      at parsePackageName (/usr/local/lib/node_modules/yarn/lib/cli.js:100696:29)
      at Object.<anonymous> (/usr/local/lib/node_modules/yarn/lib/cli.js:88351:90)
      at Generator.next (<anonymous>)
      at step (/usr/local/lib/node_modules/yarn/lib/cli.js:310:30)
      at /usr/local/lib/node_modules/yarn/lib/cli.js:321:13

npm manifest: 
  {
    "dependencies": {
      "@popperjs/core": "^2.9.2",
      "ace": "^1.3.0",
      "bootstrap": "^5.0.2",
      "c3": "^0.7.20",
      "codemirror": "^5.62.2",
      "commander": "^8.0.0",
      "d3": "^7.0.0",
      "d3-array": "^3.0.1",
      "d3-axis": "^3.0.0",
      "d3-brush": "^3.0.0",
      "d3-chord": "^3.0.1",
      "d3-collection": "^1.0.7",
      "d3-color": "^3.0.1",
      "d3-contour": "^3.0.1",
      "d3-dispatch": "^3.0.1",
      "d3-drag": "^3.0.0",
      "d3-dsv": "^3.0.1",
      "d3-ease": "^3.0.1",
      "d3-fetch": "^3.0.1",
      "d3-force": "^3.0.0",
      "d3-format": "^3.0.1",
      "d3-geo": "^3.0.1",
      "d3-hierarchy": "^3.0.1",
      "d3-path": "^3.0.1",
      "d3-polygon": "^3.0.1",
      "d3-quadtree": "^3.0.1",
      "d3-random": "^3.0.1",
      "d3-scale": "^4.0.0",
      "d3-scale-chromatic": "^3.0.0",
      "d3-selection": "^3.0.0",
      "d3-shape": "^3.0.1",
      "d3-time": "^3.0.0",
      "d3-time-format": "^4.0.0",
      "d3-timer": "^3.0.1",
      "d3-transition": "^3.0.1",
      "d3-voronoi": "^1.1.4",
      "d3-zoom": "^3.0.0",
      "iconv-lite": "^0.6.3",
      "jquery": "^3.6.0",
      "jquery.splitter": "^0.28.5",
      "js-sha1": "^0.6.0",
      "js-xmlify": "^0.0.9",
      "laconic": "^0.2.2",
      "lodash": "^4.17.21",
      "monaco-editor": "^0.26.1",
      "opencollective-postinstall": "^2.0.3",
      "prettier": "^2.0.5",
      "printthis": "^0.1.5",
      "requirejs": "^2.3.6",
      "rw": "^1.3.3",
      "safer-buffer": "^2.1.2",
      "sparkline": "^0.2.0",
      "svg-pan-zoom": "^3.6.1",
      "tagmanager": "^1.0.0",
      "typeahead.js": "^0.11.1",
      "underscore.string": "^3.3.5",
      "unibeautify-cli": "^0.2.1",
      "xterm": "^4.13.0"
    },
    "engines": {
      "yarn": ">= 1.0.0"
    },
    "devDependencies": {
      "@unibeautify/beautifier-js-beautify": "^0.4.0",
      "eslint": "^7.4.0",
      "js-beautify": "^1.11.0",
      "unibeautify": "^0.17.1"
    }
  }

yarn manifest: 
  No manifest

Lockfile: 
  No lockfile
