..\..\lib\i386-win32\swicli.pdb
D:\WORKSPACE\PHASE02-JRTL\PROLOGMUD\PACK\SWICLI\LIB\I386-WIN32\.NETFRAMEWORK,VERSION=V4.0.ASSEMBLYATTRIBUTES.OBJ
D:\workspace\phase02-jrtl\PrologMUD\pack\swicli\lib\i386-win32\cl.command.1.tlog
D:\workspace\phase02-jrtl\PrologMUD\pack\swicli\lib\i386-win32\CL.read.1.tlog
D:\workspace\phase02-jrtl\PrologMUD\pack\swicli\lib\i386-win32\CL.write.1.tlog
D:\workspace\phase02-jrtl\PrologMUD\pack\swicli\lib\i386-win32\link.command.1.tlog
D:\workspace\phase02-jrtl\PrologMUD\pack\swicli\lib\i386-win32\link.read.1.tlog
D:\workspace\phase02-jrtl\PrologMUD\pack\swicli\lib\i386-win32\link.write.1.tlog
D:\workspace\phase02-jrtl\PrologMUD\pack\swicli\lib\i386-win32\metagen.read.1.tlog
D:\workspace\phase02-jrtl\PrologMUD\pack\swicli\lib\i386-win32\metagen.write.1.tlog
D:\workspace\phase02-jrtl\PrologMUD\pack\swicli\lib\i386-win32\mt.command.1.tlog
D:\workspace\phase02-jrtl\PrologMUD\pack\swicli\lib\i386-win32\mt.read.1.tlog
D:\workspace\phase02-jrtl\PrologMUD\pack\swicli\lib\i386-win32\mt.write.1.tlog
D:\WORKSPACE\PHASE02-JRTL\PROLOGMUD\PACK\SWICLI\LIB\I386-WIN32\SWICLI.DLL
D:\WORKSPACE\PHASE02-JRTL\PROLOGMUD\PACK\SWICLI\LIB\I386-WIN32\SWICLI.DLL.INTERMEDIATE.MANIFEST
D:\workspace\phase02-jrtl\PrologMUD\pack\swicli\lib\i386-win32\swicli.dll.metagen
D:\workspace\phase02-jrtl\PrologMUD\pack\swicli\lib\i386-win32\swicli.exp
D:\workspace\phase02-jrtl\PrologMUD\pack\swicli\lib\i386-win32\swicli.lib
D:\WORKSPACE\PHASE02-JRTL\PROLOGMUD\PACK\SWICLI\LIB\I386-WIN32\SWICLI.OBJ
D:\WORKSPACE\PHASE02-JRTL\PROLOGMUD\PACK\SWICLI\LIB\I386-WIN32\SWICLI.PDB
D:\workspace\phase02-jrtl\PrologMUD\pack\swicli\lib\i386-win32\swicli32.write.1.tlog
D:\workspace\phase02-jrtl\PrologMUD\pack\swicli\lib\i386-win32\TZRES.DLL.bi
D:\WORKSPACE\PHASE02-JRTL\PROLOGMUD\PACK\SWICLI\LIB\I386-WIN32\VC100.PDB
D:\workspace\phase02-jrtl\PrologMUD\pack\swicli\src\swicli\..\..\lib\i386-win32\swicli.dll
D:\workspace\phase02-jrtl\PrologMUD\pack\swicli\src\swicli\..\..\lib\i386-win32\swicli.dll.intermediate.manifest
