[ERROR] - 25/03 21:51:02 - OpenPEFNavigatorAction -  null
org.cs3.jtransformer.util.JTUtils.ensurePefInitializationFinished(JTUtils.java:609)
org.cs3.jtransformer.pefnavigator.prolog.PrologQueryAdapter.<init>(PrologQueryAdapter.java:31)
org.cs3.jtransformer.pefnavigator.prolog.PrologProcessAdapter.<init>(PrologProcessAdapter.java:53)
org.cs3.jtransformer.pefnavigator.internal.handlers.GotoPEFNavigatorHandler$1.setPIA(GotoPEFNavigatorHandler.java:44)
org.cs3.jtransformer.pefnavigator.internal.handlers.OpenPEFNavigatorAction.run(OpenPEFNavigatorAction.java:71)
org.cs3.jtransformer.pefnavigator.internal.handlers.GotoPEFNavigatorHandler.execute(GotoPEFNavigatorHandler.java:51)
org.eclipse.ui.internal.handlers.HandlerProxy.execute(HandlerProxy.java:291)
org.eclipse.ui.internal.handlers.E4HandlerProxy.execute(E4HandlerProxy.java:92)
sun.reflect.NativeMethodAccessorImpl.invoke0(Native Method)
sun.reflect.NativeMethodAccessorImpl.invoke(NativeMethodAccessorImpl.java:62)
sun.reflect.DelegatingMethodAccessorImpl.invoke(DelegatingMethodAccessorImpl.java:43)
java.lang.reflect.Method.invoke(Method.java:498)
org.eclipse.e4.core.internal.di.MethodRequestor.execute(MethodRequestor.java:55)
org.eclipse.e4.core.internal.di.InjectorImpl.invokeUsingClass(InjectorImpl.java:305)
org.eclipse.e4.core.internal.di.InjectorImpl.invoke(InjectorImpl.java:239)
org.eclipse.e4.core.contexts.ContextInjectionFactory.invoke(ContextInjectionFactory.java:132)
org.eclipse.e4.core.commands.internal.HandlerServiceHandler.execute(HandlerServiceHandler.java:152)
org.eclipse.core.commands.Command.executeWithChecks(Command.java:494)
org.eclipse.core.commands.ParameterizedCommand.executeWithChecks(ParameterizedCommand.java:487)
org.eclipse.e4.core.commands.internal.HandlerServiceImpl.executeHandler(HandlerServiceImpl.java:210)
org.eclipse.e4.ui.workbench.renderers.swt.HandledContributionItem.executeItem(HandledContributionItem.java:431)
org.eclipse.e4.ui.workbench.renderers.swt.AbstractContributionItem.handleWidgetSelection(AbstractContributionItem.java:446)
org.eclipse.e4.ui.workbench.renderers.swt.AbstractContributionItem.lambda$2(AbstractContributionItem.java:472)
org.eclipse.swt.widgets.EventTable.sendEvent(EventTable.java:86)
org.eclipse.swt.widgets.Display.sendEvent(Display.java:5348)
org.eclipse.swt.widgets.Widget.sendEvent(Widget.java:1348)
org.eclipse.swt.widgets.Display.runDeferredEvents(Display.java:4602)
org.eclipse.swt.widgets.Display.readAndDispatch(Display.java:4183)
org.eclipse.e4.ui.internal.workbench.swt.PartRenderingEngine$5.run(PartRenderingEngine.java:1150)
org.eclipse.core.databinding.observable.Realm.runWithDefault(Realm.java:336)
org.eclipse.e4.ui.internal.workbench.swt.PartRenderingEngine.run(PartRenderingEngine.java:1039)
org.eclipse.e4.ui.internal.workbench.E4Workbench.createAndRunUI(E4Workbench.java:153)
org.eclipse.ui.internal.Workbench.lambda$3(Workbench.java:680)
org.eclipse.core.databinding.observable.Realm.runWithDefault(Realm.java:336)
org.eclipse.ui.internal.Workbench.createAndRunWorkbench(Workbench.java:594)
org.eclipse.ui.PlatformUI.createAndRunWorkbench(PlatformUI.java:148)
org.eclipse.ui.internal.ide.application.IDEApplication.start(IDEApplication.java:151)
org.eclipse.equinox.internal.app.EclipseAppHandle.run(EclipseAppHandle.java:196)
org.eclipse.core.runtime.internal.adaptor.EclipseAppLauncher.runApplication(EclipseAppLauncher.java:134)
org.eclipse.core.runtime.internal.adaptor.EclipseAppLauncher.start(EclipseAppLauncher.java:104)
org.eclipse.core.runtime.adaptor.EclipseStarter.run(EclipseStarter.java:388)
org.eclipse.core.runtime.adaptor.EclipseStarter.run(EclipseStarter.java:243)
sun.reflect.NativeMethodAccessorImpl.invoke0(Native Method)
sun.reflect.NativeMethodAccessorImpl.invoke(NativeMethodAccessorImpl.java:62)
sun.reflect.DelegatingMethodAccessorImpl.invoke(DelegatingMethodAccessorImpl.java:43)
java.lang.reflect.Method.invoke(Method.java:498)
org.eclipse.equinox.launcher.Main.invokeFramework(Main.java:653)
org.eclipse.equinox.launcher.Main.basicRun(Main.java:590)
org.eclipse.equinox.launcher.Main.run(Main.java:1499)
org.eclipse.equinox.launcher.Main.main(Main.java:1472)

[ERROR] - 29/03 22:36:49 - OpenPEFNavigatorAction -  null
org.cs3.jtransformer.util.JTUtils.ensurePefInitializationFinished(JTUtils.java:609)
org.cs3.jtransformer.pefnavigator.prolog.PrologQueryAdapter.<init>(PrologQueryAdapter.java:31)
org.cs3.jtransformer.pefnavigator.prolog.PrologProcessAdapter.<init>(PrologProcessAdapter.java:53)
org.cs3.jtransformer.pefnavigator.internal.handlers.GotoPEFNavigatorHandler$1.setPIA(GotoPEFNavigatorHandler.java:44)
org.cs3.jtransformer.pefnavigator.internal.handlers.OpenPEFNavigatorAction.run(OpenPEFNavigatorAction.java:71)
org.cs3.jtransformer.pefnavigator.internal.handlers.GotoPEFNavigatorHandler.execute(GotoPEFNavigatorHandler.java:51)
org.eclipse.ui.internal.handlers.HandlerProxy.execute(HandlerProxy.java:291)
org.eclipse.ui.internal.handlers.E4HandlerProxy.execute(E4HandlerProxy.java:92)
sun.reflect.GeneratedMethodAccessor295.invoke(Unknown Source)
sun.reflect.DelegatingMethodAccessorImpl.invoke(DelegatingMethodAccessorImpl.java:43)
java.lang.reflect.Method.invoke(Method.java:498)
org.eclipse.e4.core.internal.di.MethodRequestor.execute(MethodRequestor.java:55)
org.eclipse.e4.core.internal.di.InjectorImpl.invokeUsingClass(InjectorImpl.java:305)
org.eclipse.e4.core.internal.di.InjectorImpl.invoke(InjectorImpl.java:239)
org.eclipse.e4.core.contexts.ContextInjectionFactory.invoke(ContextInjectionFactory.java:132)
org.eclipse.e4.core.commands.internal.HandlerServiceHandler.execute(HandlerServiceHandler.java:152)
org.eclipse.core.commands.Command.executeWithChecks(Command.java:494)
org.eclipse.core.commands.ParameterizedCommand.executeWithChecks(ParameterizedCommand.java:487)
org.eclipse.e4.core.commands.internal.HandlerServiceImpl.executeHandler(HandlerServiceImpl.java:210)
org.eclipse.e4.ui.workbench.renderers.swt.HandledContributionItem.executeItem(HandledContributionItem.java:431)
org.eclipse.e4.ui.workbench.renderers.swt.AbstractContributionItem.handleWidgetSelection(AbstractContributionItem.java:446)
org.eclipse.e4.ui.workbench.renderers.swt.AbstractContributionItem.lambda$2(AbstractContributionItem.java:472)
org.eclipse.swt.widgets.EventTable.sendEvent(EventTable.java:86)
org.eclipse.swt.widgets.Display.sendEvent(Display.java:5348)
org.eclipse.swt.widgets.Widget.sendEvent(Widget.java:1348)
org.eclipse.swt.widgets.Display.runDeferredEvents(Display.java:4602)
org.eclipse.swt.widgets.Display.readAndDispatch(Display.java:4183)
org.eclipse.e4.ui.internal.workbench.swt.PartRenderingEngine$5.run(PartRenderingEngine.java:1150)
org.eclipse.core.databinding.observable.Realm.runWithDefault(Realm.java:336)
org.eclipse.e4.ui.internal.workbench.swt.PartRenderingEngine.run(PartRenderingEngine.java:1039)
org.eclipse.e4.ui.internal.workbench.E4Workbench.createAndRunUI(E4Workbench.java:153)
org.eclipse.ui.internal.Workbench.lambda$3(Workbench.java:680)
org.eclipse.core.databinding.observable.Realm.runWithDefault(Realm.java:336)
org.eclipse.ui.internal.Workbench.createAndRunWorkbench(Workbench.java:594)
org.eclipse.ui.PlatformUI.createAndRunWorkbench(PlatformUI.java:148)
org.eclipse.ui.internal.ide.application.IDEApplication.start(IDEApplication.java:151)
org.eclipse.equinox.internal.app.EclipseAppHandle.run(EclipseAppHandle.java:196)
org.eclipse.core.runtime.internal.adaptor.EclipseAppLauncher.runApplication(EclipseAppLauncher.java:134)
org.eclipse.core.runtime.internal.adaptor.EclipseAppLauncher.start(EclipseAppLauncher.java:104)
org.eclipse.core.runtime.adaptor.EclipseStarter.run(EclipseStarter.java:388)
org.eclipse.core.runtime.adaptor.EclipseStarter.run(EclipseStarter.java:243)
sun.reflect.NativeMethodAccessorImpl.invoke0(Native Method)
sun.reflect.NativeMethodAccessorImpl.invoke(NativeMethodAccessorImpl.java:62)
sun.reflect.DelegatingMethodAccessorImpl.invoke(DelegatingMethodAccessorImpl.java:43)
java.lang.reflect.Method.invoke(Method.java:498)
org.eclipse.equinox.launcher.Main.invokeFramework(Main.java:653)
org.eclipse.equinox.launcher.Main.basicRun(Main.java:590)
org.eclipse.equinox.launcher.Main.run(Main.java:1499)
org.eclipse.equinox.launcher.Main.main(Main.java:1472)

