This is pdfTeX, Version 3.14159265-2.6-1.40.19 (TeX Live 2019/dev/Debian) (preloaded format=pdflatex 2020.10.30)  13 NOV 2020 21:18
entering extended mode
 restricted \write18 enabled.
 %&-line parsing enabled.
**cudd
(./cudd.tex
LaTeX2e <2018-12-01>
(/usr/share/texlive/texmf-dist/tex/latex/base/article.cls
Document Class: article 2018/09/03 v1.4i Standard LaTeX document class
(/usr/share/texlive/texmf-dist/tex/latex/base/size11.clo
File: size11.clo 2018/09/03 v1.4i Standard LaTeX file (size option)
)
\c@part=\count80
\c@section=\count81
\c@subsection=\count82
\c@subsubsection=\count83
\c@paragraph=\count84
\c@subparagraph=\count85
\c@figure=\count86
\c@table=\count87
\abovecaptionskip=\skip41
\belowcaptionskip=\skip42
\bibindent=\dimen102
)
(/usr/share/texlive/texmf-dist/tex/latex/base/makeidx.sty
Package: makeidx 2014/09/29 v1.0m Standard LaTeX package
)
(/usr/share/texlive/texmf-dist/tex/latex/graphics/graphicx.sty
Package: graphicx 2017/06/01 v1.1a Enhanced LaTeX Graphics (DPC,SPQR)

(/usr/share/texlive/texmf-dist/tex/latex/graphics/keyval.sty
Package: keyval 2014/10/28 v1.15 key=value parser (DPC)
\KV@toks@=\toks14
)
(/usr/share/texlive/texmf-dist/tex/latex/graphics/graphics.sty
Package: graphics 2017/06/25 v1.2c Standard LaTeX Graphics (DPC,SPQR)

(/usr/share/texlive/texmf-dist/tex/latex/graphics/trig.sty
Package: trig 2016/01/03 v1.10 sin cos tan (DPC)
)
(/usr/share/texlive/texmf-dist/tex/latex/graphics-cfg/graphics.cfg
File: graphics.cfg 2016/06/04 v1.11 sample graphics configuration
)
Package graphics Info: Driver file: pdftex.def on input line 99.

(/usr/share/texlive/texmf-dist/tex/latex/graphics-def/pdftex.def
File: pdftex.def 2018/01/08 v1.0l Graphics/color driver for pdftex
))
\Gin@req@height=\dimen103
\Gin@req@width=\dimen104
)
(/usr/share/texlive/texmf-dist/tex/latex/graphics/color.sty
Package: color 2016/07/10 v1.1e Standard LaTeX Color (DPC)

(/usr/share/texlive/texmf-dist/tex/latex/graphics-cfg/color.cfg
File: color.cfg 2016/01/02 v1.6 sample color configuration
)
Package color Info: Driver file: pdftex.def on input line 147.
)
(/usr/share/texlive/texmf-dist/tex/latex/hyperref/hyperref.sty
Package: hyperref 2018/11/30 v6.88e Hypertext links for LaTeX

(/usr/share/texlive/texmf-dist/tex/generic/oberdiek/hobsub-hyperref.sty
Package: hobsub-hyperref 2016/05/16 v1.14 Bundle oberdiek, subset hyperref (HO)


(/usr/share/texlive/texmf-dist/tex/generic/oberdiek/hobsub-generic.sty
Package: hobsub-generic 2016/05/16 v1.14 Bundle oberdiek, subset generic (HO)
Package: hobsub 2016/05/16 v1.14 Construct package bundles (HO)
Package: infwarerr 2016/05/16 v1.4 Providing info/warning/error messages (HO)
Package: ltxcmds 2016/05/16 v1.23 LaTeX kernel commands for general use (HO)
Package: ifluatex 2016/05/16 v1.4 Provides the ifluatex switch (HO)
Package ifluatex Info: LuaTeX not detected.
Package: ifvtex 2016/05/16 v1.6 Detect VTeX and its facilities (HO)
Package ifvtex Info: VTeX not detected.
Package: intcalc 2016/05/16 v1.2 Expandable calculations with integers (HO)
Package: ifpdf 2018/09/07 v3.3 Provides the ifpdf switch
Package: etexcmds 2016/05/16 v1.6 Avoid name clashes with e-TeX commands (HO)
Package: kvsetkeys 2016/05/16 v1.17 Key value parser (HO)
Package: kvdefinekeys 2016/05/16 v1.4 Define keys (HO)
Package: pdftexcmds 2018/09/10 v0.29 Utility functions of pdfTeX for LuaTeX (HO
)
Package pdftexcmds Info: LuaTeX not detected.
Package pdftexcmds Info: \pdf@primitive is available.
Package pdftexcmds Info: \pdf@ifprimitive is available.
Package pdftexcmds Info: \pdfdraftmode found.
Package: pdfescape 2016/05/16 v1.14 Implements pdfTeX's escape features (HO)
Package: bigintcalc 2016/05/16 v1.4 Expandable calculations on big integers (HO
)
Package: bitset 2016/05/16 v1.2 Handle bit-vector datatype (HO)
Package: uniquecounter 2016/05/16 v1.3 Provide unlimited unique counter (HO)
)
Package hobsub Info: Skipping package `hobsub' (already loaded).
Package: letltxmacro 2016/05/16 v1.5 Let assignment for LaTeX macros (HO)
Package: hopatch 2016/05/16 v1.3 Wrapper for package hooks (HO)
Package: xcolor-patch 2016/05/16 xcolor patch
Package: atveryend 2016/05/16 v1.9 Hooks at the very end of document (HO)
Package atveryend Info: \enddocument detected (standard20110627).
Package: atbegshi 2016/06/09 v1.18 At begin shipout hook (HO)
Package: refcount 2016/05/16 v3.5 Data extraction from label references (HO)
Package: hycolor 2016/05/16 v1.8 Color options for hyperref/bookmark (HO)
)
(/usr/share/texlive/texmf-dist/tex/generic/ifxetex/ifxetex.sty
Package: ifxetex 2010/09/12 v0.6 Provides ifxetex conditional
)
(/usr/share/texlive/texmf-dist/tex/latex/oberdiek/auxhook.sty
Package: auxhook 2016/05/16 v1.4 Hooks for auxiliary files (HO)
)
(/usr/share/texlive/texmf-dist/tex/latex/oberdiek/kvoptions.sty
Package: kvoptions 2016/05/16 v3.12 Key value format for package options (HO)
)
\@linkdim=\dimen105
\Hy@linkcounter=\count88
\Hy@pagecounter=\count89

(/usr/share/texlive/texmf-dist/tex/latex/hyperref/pd1enc.def
File: pd1enc.def 2018/11/30 v6.88e Hyperref: PDFDocEncoding definition (HO)
Now handling font encoding PD1 ...
... no UTF-8 mapping file for font encoding PD1
)
\Hy@SavedSpaceFactor=\count90

(/usr/share/texlive/texmf-dist/tex/latex/latexconfig/hyperref.cfg
File: hyperref.cfg 2002/06/06 v1.2 hyperref configuration of TeXLive
)
Package hyperref Info: Option `pdfpagelabels' set `false' on input line 4393.
Package hyperref Info: Option `pageanchor' set `true' on input line 4393.
Package hyperref Info: Option `hyperindex' set `true' on input line 4393.
Package hyperref Info: Option `plainpages' set `false' on input line 4393.
Package hyperref Info: Hyper figures OFF on input line 4519.
Package hyperref Info: Link nesting OFF on input line 4524.
Package hyperref Info: Hyper index ON on input line 4527.
Package hyperref Info: Plain pages OFF on input line 4534.
Package hyperref Info: Backreferencing OFF on input line 4539.
Package hyperref Info: Implicit mode ON; LaTeX internals redefined.
Package hyperref Info: Bookmarks ON on input line 4772.
\c@Hy@tempcnt=\count91

(/usr/share/texlive/texmf-dist/tex/latex/url/url.sty
\Urlmuskip=\muskip10
Package: url 2013/09/16  ver 3.4  Verb mode for urls, etc.
)
LaTeX Info: Redefining \url on input line 5125.
\XeTeXLinkMargin=\dimen106
\Fld@menulength=\count92
\Field@Width=\dimen107
\Fld@charsize=\dimen108
Package hyperref Info: Hyper figures OFF on input line 6380.
Package hyperref Info: Link nesting OFF on input line 6385.
Package hyperref Info: Hyper index ON on input line 6388.
Package hyperref Info: backreferencing OFF on input line 6395.
Package hyperref Info: Link coloring OFF on input line 6400.
Package hyperref Info: Link coloring with OCG OFF on input line 6405.
Package hyperref Info: PDF/A mode OFF on input line 6410.
LaTeX Info: Redefining \ref on input line 6450.
LaTeX Info: Redefining \pageref on input line 6454.
\c@Item=\count93
\c@Hfootnote=\count94
)
Package hyperref Info: Driver (autodetected): hpdftex.

(/usr/share/texlive/texmf-dist/tex/latex/hyperref/hpdftex.def
File: hpdftex.def 2018/11/30 v6.88e Hyperref driver for pdfTeX
\Fld@listcount=\count95
\c@bookmark@seq@number=\count96

(/usr/share/texlive/texmf-dist/tex/latex/oberdiek/rerunfilecheck.sty
Package: rerunfilecheck 2016/05/16 v1.8 Rerun checks for auxiliary files (HO)
Package uniquecounter Info: New unique counter `rerunfilecheck' on input line 2
82.
)
\Hy@SectionHShift=\skip43
)
\@indexfile=\write3
\openout3 = `cudd.idx'.


Writing index file cudd.idx
(./cudd.aux)
\openout1 = `cudd.aux'.

LaTeX Font Info:    Checking defaults for OML/cmm/m/it on input line 19.
LaTeX Font Info:    ... okay on input line 19.
LaTeX Font Info:    Checking defaults for T1/cmr/m/n on input line 19.
LaTeX Font Info:    ... okay on input line 19.
LaTeX Font Info:    Checking defaults for OT1/cmr/m/n on input line 19.
LaTeX Font Info:    ... okay on input line 19.
LaTeX Font Info:    Checking defaults for OMS/cmsy/m/n on input line 19.
LaTeX Font Info:    ... okay on input line 19.
LaTeX Font Info:    Checking defaults for OMX/cmex/m/n on input line 19.
LaTeX Font Info:    ... okay on input line 19.
LaTeX Font Info:    Checking defaults for U/cmr/m/n on input line 19.
LaTeX Font Info:    ... okay on input line 19.
LaTeX Font Info:    Checking defaults for PD1/pdf/m/n on input line 19.
LaTeX Font Info:    ... okay on input line 19.
 (/usr/share/texlive/texmf-dist/tex/context/base/mkii/supp-pdf.mkii
[Loading MPS to PDF converter (version 2006.09.02).]
\scratchcounter=\count97
\scratchdimen=\dimen109
\scratchbox=\box27
\nofMPsegments=\count98
\nofMParguments=\count99
\everyMPshowfont=\toks15
\MPscratchCnt=\count100
\MPscratchDim=\dimen110
\MPnumerator=\count101
\makeMPintoPDFobject=\count102
\everyMPtoPDFconversion=\toks16
) (/usr/share/texlive/texmf-dist/tex/latex/oberdiek/epstopdf-base.sty
Package: epstopdf-base 2016/05/15 v2.6 Base part for package epstopdf

(/usr/share/texlive/texmf-dist/tex/latex/oberdiek/grfext.sty
Package: grfext 2016/05/16 v1.2 Manage graphics extensions (HO)
)
Package epstopdf-base Info: Redefining graphics rule for `.eps' on input line 4
38.
Package grfext Info: Graphics extension search list:
(grfext)             [.pdf,.png,.jpg,.mps,.jpeg,.jbig2,.jb2,.PDF,.PNG,.JPG,.JPE
G,.JBIG2,.JB2,.eps]
(grfext)             \AppendGraphicsExtensions on input line 456.

(/usr/share/texlive/texmf-dist/tex/latex/latexconfig/epstopdf-sys.cfg
File: epstopdf-sys.cfg 2010/07/13 v1.3 Configuration of (r)epstopdf for TeX Liv
e
))
\AtBeginShipoutBox=\box28
Package hyperref Info: Link coloring OFF on input line 19.

(/usr/share/texlive/texmf-dist/tex/latex/hyperref/nameref.sty
Package: nameref 2016/05/21 v2.44 Cross-referencing by name of section

(/usr/share/texlive/texmf-dist/tex/generic/oberdiek/gettitlestring.sty
Package: gettitlestring 2016/05/16 v1.5 Cleanup title references (HO)
)
\c@section@level=\count103
)
LaTeX Info: Redefining \ref on input line 19.
LaTeX Info: Redefining \pageref on input line 19.
LaTeX Info: Redefining \nameref on input line 19.

(./cudd.out) (./cudd.out)
\@outlinefile=\write4
\openout4 = `cudd.out'.

LaTeX Font Info:    External font `cmex10' loaded for size
(Font)              <12> on input line 22.
LaTeX Font Info:    External font `cmex10' loaded for size
(Font)              <8> on input line 22.
LaTeX Font Info:    External font `cmex10' loaded for size
(Font)              <6> on input line 22.
 (./cudd.toc
LaTeX Font Info:    External font `cmex10' loaded for size
(Font)              <10.95> on input line 3.
 [1

{/var/lib/texmf/fonts/map/pdftex/updmap/pdftex.map}])
\tf@toc=\write5
\openout5 = `cudd.toc'.

 [2] [3]
LaTeX Font Info:    Try loading font information for OMS+cmr on input line 51.
 (/usr/share/texlive/texmf-dist/tex/latex/base/omscmr.fd
File: omscmr.fd 2014/09/29 v2.5h Standard LaTeX font definitions
)
LaTeX Font Info:    Font shape `OMS/cmr/m/n' in size <10.95> not available
(Font)              Font shape `OMS/cmsy/m/n' tried instead on input line 51.
[4

]
Overfull \hbox (4.63304pt too wide) in paragraph at lines 89--93
\OT1/cmr/m/n/10.95 The CUDD pack-age is avail-able via anony-mous FTP[] from vl
si.Colorado.EDU.
 []


Overfull \hbox (45.42007pt too wide) in paragraph at lines 108--110
\OT1/cmtt/m/n/10.95 nanotrav -p 1 -autodyn -reordering sifting -trav mult32a.bl
if 
 []


Overfull \hbox (11.23369pt too wide) in paragraph at lines 111--117
\OT1/cmr/m/n/10.95 duced by the pro-gram is checked against \OT1/cmtt/m/n/10.95
 cudd-2.7.0/nanotrav/mult32a.out\OT1/cmr/m/n/10.95 .
 []


Overfull \hbox (26.01599pt too wide) in paragraph at lines 124--126
\OT1/cmr/m/n/10.95 Two CUDD ex-ten-sions are avail-able via anony-mous FTP[] fr
om vlsi.Colorado.EDU. 
 []

[5]
Overfull \hbox (34.87605pt too wide) in paragraph at lines 189--196
[]\OT1/cmr/m/n/10.95 If the ap-pli-ca-tion uses gen-er-a-tors[] (\OT1/cmr/m/it/
10.95 Cudd[]ForeachCube []\OT1/cmr/m/n/10.95 and \OT1/cmr/m/it/10.95 Cudd[]Fore
achNode[]\OT1/cmr/m/n/10.95 )
 []

[6] [7] [8]
Overfull \hbox (7.91602pt too wide) in paragraph at lines 318--318
[]  \OT1/cmtt/m/n/10.95 manager = Cudd_Init(0,0,CUDD_UNIQUE_SLOTS,CUDD_CACHE_SL
OTS,0);[] 
 []

[9]
Overfull \hbox (28.57875pt too wide) in paragraph at lines 409--420
\OT1/cmr/m/n/10.95 (\OT1/cmr/m/it/10.95 Cudd[]ForeachCube[]\OT1/cmr/m/n/10.95 )
, and pro-ce-dures that count minterms[] (\OT1/cmr/m/it/10.95 Cudd[]CountMinter
m[]\OT1/cmr/m/n/10.95 ). 
 []

[10] [11]
Overfull \hbox (4.43666pt too wide) in paragraph at lines 488--499
\OT1/cmr/m/n/10.95 Common ma-nip-u-la-tions of BDDs can be ac-com-plished by ca
ll-ing \OT1/cmr/m/it/10.95 Cudd[]bddIte\OT1/cmr/m/n/10.95 .
 []

[12] [13] [14]
Overfull \hbox (71.32233pt too wide) in paragraph at lines 660--672
\OT1/cmr/m/n/10.95 fer-ent cri-te-ria. (\OT1/cmr/m/it/10.95 Cudd[]addBddPattern
[]\OT1/cmr/m/n/10.95 , \OT1/cmr/m/it/10.95 Cudd[]addBddInterval[]\OT1/cmr/m/n/1
0.95 , and \OT1/cmr/m/it/10.95 Cudd[]addBddThreshold[]\OT1/cmr/m/n/10.95 .)
 []

[15]
Overfull \hbox (8.51886pt too wide) in paragraph at lines 686--696
\OT1/cmr/m/n/10.95 vari-ables and ZDD vari-ables is one-to-one. Hence, \OT1/cmr
/m/it/10.95 Cudd[]zddVarsFromBddVars
 []


Overfull \hbox (16.44394pt too wide) in paragraph at lines 697--706
\OT1/cmr/m/n/10.95 able is as-so-ci-ated with the neg-a-tive lit-eral. A call t
o \OT1/cmr/m/it/10.95 Cudd[]zddVarsFromBddVars[]
 []

[16]
Overfull \hbox (15.6963pt too wide) in paragraph at lines 769--775
[]\OT1/cmr/m/n/10.95 If passed to \OT1/cmr/m/it/10.95 Cudd[]AutodynEnable[]\OT1
/cmr/m/n/10.95 , this method
 []


Overfull \hbox (56.68648pt too wide) in paragraph at lines 782--787
[]\OT1/cmr/m/n/10.95 Same as CUDD[]REORDER[]RANDOM,
 []


Overfull \hbox (1.53427pt too wide) in paragraph at lines 787--794
[]\OT1/cmr/m/n/10.95 This method is an im-ple-men-ta-tion of Rudell's
 []

[17]
Overfull \hbox (2.11395pt too wide) in paragraph at lines 821--823
[]\OT1/cmr/m/n/10.95 This is the con-verg-ing[] vari-
 []


Overfull \hbox (0.5922pt too wide) in paragraph at lines 824--828
[]\OT1/cmr/m/n/10.95 This method is an im-ple-men-ta-tion
 []


Overfull \hbox (31.02905pt too wide) in paragraph at lines 835--837
[]\OT1/cmr/m/n/10.95 Similar to CUDD[]REORDER[]WINDOW2,
 []


Overfull \hbox (31.02905pt too wide) in paragraph at lines 837--839
[]\OT1/cmr/m/n/10.95 Similar to CUDD[]REORDER[]WINDOW2,
 []

[18]
Overfull \hbox (35.50565pt too wide) in paragraph at lines 880--885
\OT1/cmr/m/n/10.95 The cur-rent tree reg-is-tered with the man-ager can be read
 with \OT1/cmr/m/it/10.95 Cudd[]ReadTree[]\OT1/cmr/m/n/10.95 . 
 []

LaTeX Font Info:    External font `cmex10' loaded for size
(Font)              <9> on input line 894.
LaTeX Font Info:    External font `cmex10' loaded for size
(Font)              <5> on input line 894.
[19]
Overfull \hbox (10.40593pt too wide) in paragraph at lines 922--930
\OT1/cmr/m/n/10.95 they are cre-ated. There-fore, ap-pli-ca-tions that rely on 
\OT1/cmr/m/it/10.95 Cudd[]bddNewVarAtLevel[]
 []


Overfull \hbox (10.53778pt too wide) in paragraph at lines 940--951
\OT1/cmr/m/n/10.95 en-able dy-namic[] re-order-ing, the ap-pli-ca-tion must cal
l \OT1/cmr/m/it/10.95 Cudd[]AutodynEnableZdd[]\OT1/cmr/m/n/10.95 ,
 []

[20]
Overfull \hbox (22.8843pt too wide) in paragraph at lines 963--965
[]\OT1/cmr/m/n/10.95 To cre-ate ZDD vari-able groups, the ap-pli-ca-tion calls 
\OT1/cmr/m/it/10.95 Cudd[]MakeZddTreeNode[]\OT1/cmr/m/n/10.95 . 
 []


Overfull \hbox (5.93063pt too wide) in paragraph at lines 966--966
[]\OT1/cmr/bx/n/12 Keeping Con-sis-tent Vari-able Or-ders for BDDs and ZDDs 
 []

[21]
Overfull \hbox (2.29327pt too wide) in paragraph at lines 1015--1028
\OT1/cmr/m/it/10.95 Cudd[]UnsetTimeLimit[]\OT1/cmr/m/n/10.95 , \OT1/cmr/m/it/10
.95 Cudd[]UpdateTimeLimit[]\OT1/cmr/m/n/10.95 , \OT1/cmr/m/it/10.95 Cudd[]Incre
aseTimeLimit[]\OT1/cmr/m/n/10.95 .)
 []

[22]
<../doc/phase.pdf, id=470, 519.9425pt x 794.97pt>
File: ../doc/phase.pdf Graphic file (type pdf)
<use ../doc/phase.pdf>
Package pdftex.def Info: ../doc/phase.pdf  used on input line 1061.
(pdftex.def)             Requested size: 288.4525pt x 441.01772pt.

Overfull \hbox (14.82913pt too wide) in paragraph at lines 1053--1072
\OT1/cmr/m/n/10.95 may be used to draw ZDDs. \OT1/cmr/m/it/10.95 Cudd[]zddDumpD
ot[] \OT1/cmr/m/n/10.95 is the ana-log of \OT1/cmr/m/it/10.95 Cudd[]DumpDot
 []

[23] [24 <../doc/phase.pdf>] [25] [26] [27] [28] [29] [30] [31] [32]
Overfull \hbox (60.5886pt too wide) in paragraph at lines 1570--1581
\OT1/cmr/m/n/10.95 iden-tify this type of prob-lems, the pack-age pro-vides a f
unc-tion called \OT1/cmr/m/it/10.95 Cudd[]CheckZeroRef[]\OT1/cmr/m/n/10.95 .
 []

[33] [34] [35] [36] [37] [38] [39] [40]
Overfull \hbox (2.05003pt too wide) in paragraph at lines 1955--1961
\OT1/cmr/m/n/10.95 Ken McMil-lan, Shin-Ichi Mi-nato, Jae-hong Park, Ra-jeev Ran
-jan, Rick Rudell,
 []

[41] (./cudd.ind [42]
Overfull \hbox (4.4295pt too wide) in paragraph at lines 6--7
[]\OT1/cmr/m/n/10.95 Algebraic De-ci-sion Di-a-gram, \OT1/cmr/m/it/10.95 see \O
T1/cmr/m/n/10.95 ADD 
 []

[43

]
Overfull \hbox (6.03108pt too wide) in paragraph at lines 115--116
[]\OT1/cmr/m/n/10.95 CUDD[]REORDER[]ANNEALING, []17[] 
 []


Overfull \hbox (7.69183pt too wide) in paragraph at lines 118--119
[]\OT1/cmr/m/n/10.95 CUDD[]REORDER[]GROUP[]SIFT, []16[] 
 []


Overfull \hbox (31.10054pt too wide) in paragraph at lines 119--120
[]\OT1/cmr/m/n/10.95 CUDD[]REORDER[]GROUP[]SIFT[]CONV,
 []


Overfull \hbox (6.1984pt too wide) in paragraph at lines 121--122
[]\OT1/cmr/m/n/10.95 CUDD[]REORDER[]RANDOM, []15[], []19[] 
 []


Overfull \hbox (15.82831pt too wide) in paragraph at lines 122--123
[]\OT1/cmr/m/n/10.95 CUDD[]REORDER[]RANDOM[]PIVOT,
 []


Overfull \hbox (17.88142pt too wide) in paragraph at lines 125--126
[]\OT1/cmr/m/n/10.95 CUDD[]REORDER[]SIFT[]CONVERGE,
 []


Overfull \hbox (4.57414pt too wide) in paragraph at lines 126--127
[]\OT1/cmr/m/n/10.95 CUDD[]REORDER[]SYMM[]SIFT, []16[],
 []


Overfull \hbox (24.94118pt too wide) in paragraph at lines 127--128
[]\OT1/cmr/m/n/10.95 CUDD[]REORDER[]SYMM[]SIFT[]CONV,
 []


Overfull \hbox (18.26164pt too wide) in paragraph at lines 129--130
[]\OT1/cmr/m/n/10.95 CUDD[]REORDER[]WINDOW2[]CONV,
 []


Overfull \hbox (18.26164pt too wide) in paragraph at lines 131--132
[]\OT1/cmr/m/n/10.95 CUDD[]REORDER[]WINDOW3[]CONV,
 []


Overfull \hbox (18.26164pt too wide) in paragraph at lines 133--134
[]\OT1/cmr/m/n/10.95 CUDD[]REORDER[]WINDOW4[]CONV,
 []

[44] [45] [46])
Package atveryend Info: Empty hook `BeforeClearDocument' on input line 2084.
Package atveryend Info: Empty hook `AfterLastShipout' on input line 2084.
 (./cudd.aux)
Package atveryend Info: Empty hook `AtVeryEndDocument' on input line 2084.
Package atveryend Info: Executing hook `AtEndAfterFileList' on input line 2084.

Package rerunfilecheck Info: File `cudd.out' has not changed.
(rerunfilecheck)             Checksum: 609707BBBDE5A98A5163EE6893B64A3E;4215.
Package atveryend Info: Empty hook `AtVeryVeryEnd' on input line 2084.
 ) 
Here is how much of TeX's memory you used:
 5343 strings out of 494561
 78732 string characters out of 6177453
 169547 words of memory out of 5000000
 8823 multiletter control sequences out of 15000+600000
 10941 words of font info for 38 fonts, out of 8000000 for 9000
 14 hyphenation exceptions out of 8191
 28i,8n,28p,491b,442s stack positions out of 5000i,500n,10000p,200000b,80000s
</usr/share/texlive/texmf-dist/fonts/type1/public/amsfonts/cm/cmbx10.pfb></us
r/share/texlive/texmf-dist/fonts/type1/public/amsfonts/cm/cmbx12.pfb></usr/shar
e/texlive/texmf-dist/fonts/type1/public/amsfonts/cm/cmbxti10.pfb></usr/share/te
xlive/texmf-dist/fonts/type1/public/amsfonts/cm/cmmi10.pfb></usr/share/texlive/
texmf-dist/fonts/type1/public/amsfonts/cm/cmmi12.pfb></usr/share/texlive/texmf-
dist/fonts/type1/public/amsfonts/cm/cmmi8.pfb></usr/share/texlive/texmf-dist/fo
nts/type1/public/amsfonts/cm/cmr10.pfb></usr/share/texlive/texmf-dist/fonts/typ
e1/public/amsfonts/cm/cmr12.pfb></usr/share/texlive/texmf-dist/fonts/type1/publ
ic/amsfonts/cm/cmr17.pfb></usr/share/texlive/texmf-dist/fonts/type1/public/amsf
onts/cm/cmr6.pfb></usr/share/texlive/texmf-dist/fonts/type1/public/amsfonts/cm/
cmr8.pfb></usr/share/texlive/texmf-dist/fonts/type1/public/amsfonts/cm/cmr9.pfb
></usr/share/texlive/texmf-dist/fonts/type1/public/amsfonts/cm/cmsy10.pfb></usr
/share/texlive/texmf-dist/fonts/type1/public/amsfonts/cm/cmsy8.pfb></usr/share/
texlive/texmf-dist/fonts/type1/public/amsfonts/cm/cmti10.pfb></usr/share/texliv
e/texmf-dist/fonts/type1/public/amsfonts/cm/cmti9.pfb></usr/share/texlive/texmf
-dist/fonts/type1/public/amsfonts/cm/cmtt10.pfb>
Output written on cudd.pdf (46 pages, 357554 bytes).
PDF statistics:
 1083 PDF objects out of 1200 (max. 8388607)
 1004 compressed objects within 11 object streams
 147 named destinations out of 1000 (max. 500000)
 470 words of extra memory for PDF output out of 10000 (max. 10000000)

