This file contains any messages produced by compilers while
running configure, to aid debugging if configure makes a mistake.

It was created by Rserve-cxx-client configure 0.1, which was
generated by GNU Autoconf 2.69.  Invocation command line was

  $ ./configure 

## --------- ##
## Platform. ##
## --------- ##

hostname = debian10
uname -m = x86_64
uname -r = 4.19.0-12-amd64
uname -s = Linux
uname -v = #1 SMP Debian 4.19.152-1 (2020-10-18)

/usr/bin/uname -p = unknown
/bin/uname -X     = unknown

/bin/arch              = x86_64
/usr/bin/arch -k       = unknown
/usr/convex/getsysinfo = unknown
/usr/bin/hostinfo      = unknown
/bin/machine           = unknown
/usr/bin/oslevel       = unknown
/bin/universe          = unknown

PATH: /opt/logicmoo_workspace/lib/swipl/bin/x86_64-linux
PATH: /opt/anaconda3/bin
PATH: /opt/logicmoo_workspace/packs_web/butterfly
PATH: /opt/logicmoo_workspace/bin
PATH: /usr/local/sbin
PATH: /usr/local/bin
PATH: /usr/sbin
PATH: /usr/bin
PATH: /sbin
PATH: /bin


## ----------- ##
## Core tests. ##
## ----------- ##

configure:2247: checking for gcc
configure:2274: result: gcc
configure:2503: checking for C compiler version
configure:2512: gcc --version >&5
gcc (Debian 8.3.0-6) 8.3.0
Copyright (C) 2018 Free Software Foundation, Inc.
This is free software; see the source for copying conditions.  There is NO
warranty; not even for MERCHANTABILITY or FITNESS FOR A PARTICULAR PURPOSE.

configure:2523: $? = 0
configure:2512: gcc -v >&5
Using built-in specs.
COLLECT_GCC=gcc
COLLECT_LTO_WRAPPER=/usr/lib/gcc/x86_64-linux-gnu/8/lto-wrapper
OFFLOAD_TARGET_NAMES=nvptx-none
OFFLOAD_TARGET_DEFAULT=1
Target: x86_64-linux-gnu
Configured with: ../src/configure -v --with-pkgversion='Debian 8.3.0-6' --with-bugurl=file:///usr/share/doc/gcc-8/README.Bugs --enable-languages=c,ada,c++,go,brig,d,fortran,objc,obj-c++ --prefix=/usr --with-gcc-major-version-only --program-suffix=-8 --program-prefix=x86_64-linux-gnu- --enable-shared --enable-linker-build-id --libexecdir=/usr/lib --without-included-gettext --enable-threads=posix --libdir=/usr/lib --enable-nls --enable-bootstrap --enable-clocale=gnu --enable-libstdcxx-debug --enable-libstdcxx-time=yes --with-default-libstdcxx-abi=new --enable-gnu-unique-object --disable-vtable-verify --enable-libmpx --enable-plugin --enable-default-pie --with-system-zlib --with-target-system-zlib --enable-objc-gc=auto --enable-multiarch --disable-werror --with-arch-32=i686 --with-abi=m64 --with-multilib-list=m32,m64,mx32 --enable-multilib --with-tune=generic --enable-offload-targets=nvptx-none --without-cuda-driver --enable-checking=release --build=x86_64-linux-gnu --host=x86_64-linux-gnu --target=x86_64-linux-gnu
Thread model: posix
gcc version 8.3.0 (Debian 8.3.0-6) 
configure:2523: $? = 0
configure:2512: gcc -V >&5
gcc: error: unrecognized command line option '-V'
gcc: fatal error: no input files
compilation terminated.
configure:2523: $? = 1
configure:2512: gcc -qversion >&5
gcc: error: unrecognized command line option '-qversion'; did you mean '--version'?
gcc: fatal error: no input files
compilation terminated.
configure:2523: $? = 1
configure:2543: checking whether the C compiler works
configure:2565: gcc -fPIC -pthread -I"/opt/logicmoo_workspace/lib/swipl/include" -I/include   conftest.c  >&5
configure:2569: $? = 0
configure:2617: result: yes
configure:2620: checking for C compiler default output file name
configure:2622: result: a.out
configure:2628: checking for suffix of executables
configure:2635: gcc -o conftest -fPIC -pthread -I"/opt/logicmoo_workspace/lib/swipl/include" -I/include   conftest.c  >&5
configure:2639: $? = 0
configure:2661: result: 
configure:2683: checking whether we are cross compiling
configure:2691: gcc -o conftest -fPIC -pthread -I"/opt/logicmoo_workspace/lib/swipl/include" -I/include   conftest.c  >&5
configure:2695: $? = 0
configure:2702: ./conftest
configure:2706: $? = 0
configure:2694: result: no
configure:2699: checking for suffix of object files
configure:2721: gcc -c -fPIC -pthread -I"/opt/logicmoo_workspace/lib/swipl/include" -I/include  conftest.c >&5
configure:2725: $? = 0
configure:2746: result: o
configure:2750: checking whether we are using the GNU C compiler
configure:2769: gcc -c -fPIC -pthread -I"/opt/logicmoo_workspace/lib/swipl/include" -I/include  conftest.c >&5
configure:2769: $? = 0
configure:2778: result: yes
configure:2787: checking whether gcc accepts -g
configure:2807: gcc -c -g  conftest.c >&5
configure:2807: $? = 0
configure:2848: result: yes
configure:2865: checking for gcc option to accept ISO C89
configure:2928: gcc  -c -fPIC -pthread -I"/opt/logicmoo_workspace/lib/swipl/include" -I/include  conftest.c >&5
configure:2928: $? = 0
configure:2941: result: none needed
configure:3019: checking for g++
configure:3035: found /usr/bin/g++
configure:3046: result: g++
configure:3073: checking for C++ compiler version
configure:3082: g++ --version >&5
g++ (Debian 8.3.0-6) 8.3.0
Copyright (C) 2018 Free Software Foundation, Inc.
This is free software; see the source for copying conditions.  There is NO
warranty; not even for MERCHANTABILITY or FITNESS FOR A PARTICULAR PURPOSE.

configure:3093: $? = 0
configure:3082: g++ -v >&5
Using built-in specs.
COLLECT_GCC=g++
COLLECT_LTO_WRAPPER=/usr/lib/gcc/x86_64-linux-gnu/8/lto-wrapper
OFFLOAD_TARGET_NAMES=nvptx-none
OFFLOAD_TARGET_DEFAULT=1
Target: x86_64-linux-gnu
Configured with: ../src/configure -v --with-pkgversion='Debian 8.3.0-6' --with-bugurl=file:///usr/share/doc/gcc-8/README.Bugs --enable-languages=c,ada,c++,go,brig,d,fortran,objc,obj-c++ --prefix=/usr --with-gcc-major-version-only --program-suffix=-8 --program-prefix=x86_64-linux-gnu- --enable-shared --enable-linker-build-id --libexecdir=/usr/lib --without-included-gettext --enable-threads=posix --libdir=/usr/lib --enable-nls --enable-bootstrap --enable-clocale=gnu --enable-libstdcxx-debug --enable-libstdcxx-time=yes --with-default-libstdcxx-abi=new --enable-gnu-unique-object --disable-vtable-verify --enable-libmpx --enable-plugin --enable-default-pie --with-system-zlib --with-target-system-zlib --enable-objc-gc=auto --enable-multiarch --disable-werror --with-arch-32=i686 --with-abi=m64 --with-multilib-list=m32,m64,mx32 --enable-multilib --with-tune=generic --enable-offload-targets=nvptx-none --without-cuda-driver --enable-checking=release --build=x86_64-linux-gnu --host=x86_64-linux-gnu --target=x86_64-linux-gnu
Thread model: posix
gcc version 8.3.0 (Debian 8.3.0-6) 
configure:3093: $? = 0
configure:3082: g++ -V >&5
g++: error: unrecognized command line option '-V'
g++: fatal error: no input files
compilation terminated.
configure:3093: $? = 1
configure:3082: g++ -qversion >&5
g++: error: unrecognized command line option '-qversion'; did you mean '--version'?
g++: fatal error: no input files
compilation terminated.
configure:3093: $? = 1
configure:3097: checking whether we are using the GNU C++ compiler
configure:3116: g++ -c   conftest.cpp >&5
configure:3116: $? = 0
configure:3125: result: yes
configure:3134: checking whether g++ accepts -g
configure:3154: g++ -c -g  conftest.cpp >&5
configure:3154: $? = 0
configure:3195: result: yes
configure:3224: checking how to run the C preprocessor
configure:3255: gcc -E  conftest.c
configure:3255: $? = 0
configure:3269: gcc -E  conftest.c
conftest.c:9:10: fatal error: ac_nonexistent.h: No such file or directory
 #include <ac_nonexistent.h>
          ^~~~~~~~~~~~~~~~~~
compilation terminated.
configure:3269: $? = 1
configure: failed program was:
| /* confdefs.h */
| #define PACKAGE_NAME "Rserve-cxx-client"
| #define PACKAGE_TARNAME "rserve-cxx-client"
| #define PACKAGE_VERSION "0.1"
| #define PACKAGE_STRING "Rserve-cxx-client 0.1"
| #define PACKAGE_BUGREPORT "Simon.Urbanek@r-project.org"
| #define PACKAGE_URL ""
| /* end confdefs.h.  */
| #include <ac_nonexistent.h>
configure:3294: result: gcc -E
configure:3314: gcc -E  conftest.c
configure:3314: $? = 0
configure:3328: gcc -E  conftest.c
conftest.c:9:10: fatal error: ac_nonexistent.h: No such file or directory
 #include <ac_nonexistent.h>
          ^~~~~~~~~~~~~~~~~~
compilation terminated.
configure:3328: $? = 1
configure: failed program was:
| /* confdefs.h */
| #define PACKAGE_NAME "Rserve-cxx-client"
| #define PACKAGE_TARNAME "rserve-cxx-client"
| #define PACKAGE_VERSION "0.1"
| #define PACKAGE_STRING "Rserve-cxx-client 0.1"
| #define PACKAGE_BUGREPORT "Simon.Urbanek@r-project.org"
| #define PACKAGE_URL ""
| /* end confdefs.h.  */
| #include <ac_nonexistent.h>
configure:3357: checking for grep that handles long lines and -e
configure:3415: result: /usr/bin/grep
configure:3420: checking for egrep
configure:3482: result: /usr/bin/grep -E
configure:3487: checking for ANSI C header files
configure:3507: gcc -c -fPIC -pthread -I"/opt/logicmoo_workspace/lib/swipl/include" -I/include  conftest.c >&5
configure:3507: $? = 0
configure:3580: gcc -o conftest -fPIC -pthread -I"/opt/logicmoo_workspace/lib/swipl/include" -I/include   conftest.c  >&5
configure:3580: $? = 0
configure:3580: ./conftest
configure:3580: $? = 0
configure:3591: result: yes
configure:3599: checking for sys/wait.h that is POSIX.1 compatible
configure:3625: gcc -c -fPIC -pthread -I"/opt/logicmoo_workspace/lib/swipl/include" -I/include  conftest.c >&5
configure:3625: $? = 0
configure:3632: result: yes
configure:3645: checking for sys/types.h
configure:3645: gcc -c -fPIC -pthread -I"/opt/logicmoo_workspace/lib/swipl/include" -I/include  conftest.c >&5
configure:3645: $? = 0
configure:3645: result: yes
configure:3645: checking for sys/stat.h
configure:3645: gcc -c -fPIC -pthread -I"/opt/logicmoo_workspace/lib/swipl/include" -I/include  conftest.c >&5
configure:3645: $? = 0
configure:3645: result: yes
configure:3645: checking for stdlib.h
configure:3645: gcc -c -fPIC -pthread -I"/opt/logicmoo_workspace/lib/swipl/include" -I/include  conftest.c >&5
configure:3645: $? = 0
configure:3645: result: yes
configure:3645: checking for string.h
configure:3645: gcc -c -fPIC -pthread -I"/opt/logicmoo_workspace/lib/swipl/include" -I/include  conftest.c >&5
configure:3645: $? = 0
configure:3645: result: yes
configure:3645: checking for memory.h
configure:3645: gcc -c -fPIC -pthread -I"/opt/logicmoo_workspace/lib/swipl/include" -I/include  conftest.c >&5
configure:3645: $? = 0
configure:3645: result: yes
configure:3645: checking for strings.h
configure:3645: gcc -c -fPIC -pthread -I"/opt/logicmoo_workspace/lib/swipl/include" -I/include  conftest.c >&5
configure:3645: $? = 0
configure:3645: result: yes
configure:3645: checking for inttypes.h
configure:3645: gcc -c -fPIC -pthread -I"/opt/logicmoo_workspace/lib/swipl/include" -I/include  conftest.c >&5
configure:3645: $? = 0
configure:3645: result: yes
configure:3645: checking for stdint.h
configure:3645: gcc -c -fPIC -pthread -I"/opt/logicmoo_workspace/lib/swipl/include" -I/include  conftest.c >&5
configure:3645: $? = 0
configure:3645: result: yes
configure:3645: checking for unistd.h
configure:3645: gcc -c -fPIC -pthread -I"/opt/logicmoo_workspace/lib/swipl/include" -I/include  conftest.c >&5
configure:3645: $? = 0
configure:3645: result: yes
configure:3660: checking for string.h
configure:3660: result: yes
configure:3660: checking for memory.h
configure:3660: result: yes
configure:3660: checking sys/time.h usability
configure:3660: gcc -c -fPIC -pthread -I"/opt/logicmoo_workspace/lib/swipl/include" -I/include  conftest.c >&5
configure:3660: $? = 0
configure:3660: result: yes
configure:3660: checking sys/time.h presence
configure:3660: gcc -E  conftest.c
configure:3660: $? = 0
configure:3660: result: yes
configure:3660: checking for sys/time.h
configure:3660: result: yes
configure:3660: checking for unistd.h
configure:3660: result: yes
configure:3673: checking for sys/stat.h
configure:3673: result: yes
configure:3673: checking for sys/types.h
configure:3673: result: yes
configure:3673: checking sys/socket.h usability
configure:3673: gcc -c -fPIC -pthread -I"/opt/logicmoo_workspace/lib/swipl/include" -I/include  conftest.c >&5
configure:3673: $? = 0
configure:3673: result: yes
configure:3673: checking sys/socket.h presence
configure:3673: gcc -E  conftest.c
configure:3673: $? = 0
configure:3673: result: yes
configure:3673: checking for sys/socket.h
configure:3673: result: yes
configure:3673: checking sys/un.h usability
configure:3673: gcc -c -fPIC -pthread -I"/opt/logicmoo_workspace/lib/swipl/include" -I/include  conftest.c >&5
configure:3673: $? = 0
configure:3673: result: yes
configure:3673: checking sys/un.h presence
configure:3673: gcc -E  conftest.c
configure:3673: $? = 0
configure:3673: result: yes
configure:3673: checking for sys/un.h
configure:3673: result: yes
configure:3673: checking netinet/in.h usability
configure:3673: gcc -c -fPIC -pthread -I"/opt/logicmoo_workspace/lib/swipl/include" -I/include  conftest.c >&5
configure:3673: $? = 0
configure:3673: result: yes
configure:3673: checking netinet/in.h presence
configure:3673: gcc -E  conftest.c
configure:3673: $? = 0
configure:3673: result: yes
configure:3673: checking for netinet/in.h
configure:3673: result: yes
configure:3673: checking netinet/tcp.h usability
configure:3673: gcc -c -fPIC -pthread -I"/opt/logicmoo_workspace/lib/swipl/include" -I/include  conftest.c >&5
configure:3673: $? = 0
configure:3673: result: yes
configure:3673: checking netinet/tcp.h presence
configure:3673: gcc -E  conftest.c
configure:3673: $? = 0
configure:3673: result: yes
configure:3673: checking for netinet/tcp.h
configure:3673: result: yes
configure:3685: checking for an ANSI C-conforming const
configure:3751: gcc -c -fPIC -pthread -I"/opt/logicmoo_workspace/lib/swipl/include" -I/include  conftest.c >&5
configure:3751: $? = 0
configure:3758: result: yes
configure:3766: checking whether byte ordering is bigendian
configure:3781: gcc -c -fPIC -pthread -I"/opt/logicmoo_workspace/lib/swipl/include" -I/include  conftest.c >&5
conftest.c:31:9: error: unknown type name 'not'
         not a universal capable compiler
         ^~~
conftest.c:31:15: error: expected '=', ',', ';', 'asm' or '__attribute__' before 'universal'
         not a universal capable compiler
               ^~~~~~~~~
conftest.c:31:15: error: unknown type name 'universal'
configure:3781: $? = 1
configure: failed program was:
| /* confdefs.h */
| #define PACKAGE_NAME "Rserve-cxx-client"
| #define PACKAGE_TARNAME "rserve-cxx-client"
| #define PACKAGE_VERSION "0.1"
| #define PACKAGE_STRING "Rserve-cxx-client 0.1"
| #define PACKAGE_BUGREPORT "Simon.Urbanek@r-project.org"
| #define PACKAGE_URL ""
| #define STDC_HEADERS 1
| #define HAVE_SYS_WAIT_H 1
| #define HAVE_SYS_TYPES_H 1
| #define HAVE_SYS_STAT_H 1
| #define HAVE_STDLIB_H 1
| #define HAVE_STRING_H 1
| #define HAVE_MEMORY_H 1
| #define HAVE_STRINGS_H 1
| #define HAVE_INTTYPES_H 1
| #define HAVE_STDINT_H 1
| #define HAVE_UNISTD_H 1
| #define HAVE_STRING_H 1
| #define HAVE_MEMORY_H 1
| #define HAVE_SYS_TIME_H 1
| #define HAVE_UNISTD_H 1
| #define HAVE_SYS_STAT_H 1
| #define HAVE_SYS_TYPES_H 1
| #define HAVE_SYS_SOCKET_H 1
| #define HAVE_SYS_UN_H 1
| #define HAVE_NETINET_IN_H 1
| #define HAVE_NETINET_TCP_H 1
| /* end confdefs.h.  */
| #ifndef __APPLE_CC__
| 	       not a universal capable compiler
| 	     #endif
| 	     typedef int dummy;
| 
configure:3826: gcc -c -fPIC -pthread -I"/opt/logicmoo_workspace/lib/swipl/include" -I/include  conftest.c >&5
configure:3826: $? = 0
configure:3844: gcc -c -fPIC -pthread -I"/opt/logicmoo_workspace/lib/swipl/include" -I/include  conftest.c >&5
conftest.c: In function 'main':
conftest.c:37:4: error: unknown type name 'not'; did you mean 'ino_t'?
    not big endian
    ^~~
    ino_t
conftest.c:37:12: error: expected '=', ',', ';', 'asm' or '__attribute__' before 'endian'
    not big endian
            ^~~~~~
configure:3844: $? = 1
configure: failed program was:
| /* confdefs.h */
| #define PACKAGE_NAME "Rserve-cxx-client"
| #define PACKAGE_TARNAME "rserve-cxx-client"
| #define PACKAGE_VERSION "0.1"
| #define PACKAGE_STRING "Rserve-cxx-client 0.1"
| #define PACKAGE_BUGREPORT "Simon.Urbanek@r-project.org"
| #define PACKAGE_URL ""
| #define STDC_HEADERS 1
| #define HAVE_SYS_WAIT_H 1
| #define HAVE_SYS_TYPES_H 1
| #define HAVE_SYS_STAT_H 1
| #define HAVE_STDLIB_H 1
| #define HAVE_STRING_H 1
| #define HAVE_MEMORY_H 1
| #define HAVE_STRINGS_H 1
| #define HAVE_INTTYPES_H 1
| #define HAVE_STDINT_H 1
| #define HAVE_UNISTD_H 1
| #define HAVE_STRING_H 1
| #define HAVE_MEMORY_H 1
| #define HAVE_SYS_TIME_H 1
| #define HAVE_UNISTD_H 1
| #define HAVE_SYS_STAT_H 1
| #define HAVE_SYS_TYPES_H 1
| #define HAVE_SYS_SOCKET_H 1
| #define HAVE_SYS_UN_H 1
| #define HAVE_NETINET_IN_H 1
| #define HAVE_NETINET_TCP_H 1
| /* end confdefs.h.  */
| #include <sys/types.h>
| 		#include <sys/param.h>
| 
| int
| main ()
| {
| #if BYTE_ORDER != BIG_ENDIAN
| 		 not big endian
| 		#endif
| 
|   ;
|   return 0;
| }
configure:3972: result: no
configure:4019: checking whether time.h and sys/time.h may both be included
configure:4039: gcc -c -fPIC -pthread -I"/opt/logicmoo_workspace/lib/swipl/include" -I/include  conftest.c >&5
configure:4039: $? = 0
configure:4046: result: yes
configure:4056: checking for pid_t
configure:4056: gcc -c -fPIC -pthread -I"/opt/logicmoo_workspace/lib/swipl/include" -I/include  conftest.c >&5
configure:4056: $? = 0
configure:4056: gcc -c -fPIC -pthread -I"/opt/logicmoo_workspace/lib/swipl/include" -I/include  conftest.c >&5
conftest.c: In function 'main':
conftest.c:68:20: error: expected expression before ')' token
 if (sizeof ((pid_t)))
                    ^
configure:4056: $? = 1
configure: failed program was:
| /* confdefs.h */
| #define PACKAGE_NAME "Rserve-cxx-client"
| #define PACKAGE_TARNAME "rserve-cxx-client"
| #define PACKAGE_VERSION "0.1"
| #define PACKAGE_STRING "Rserve-cxx-client 0.1"
| #define PACKAGE_BUGREPORT "Simon.Urbanek@r-project.org"
| #define PACKAGE_URL ""
| #define STDC_HEADERS 1
| #define HAVE_SYS_WAIT_H 1
| #define HAVE_SYS_TYPES_H 1
| #define HAVE_SYS_STAT_H 1
| #define HAVE_STDLIB_H 1
| #define HAVE_STRING_H 1
| #define HAVE_MEMORY_H 1
| #define HAVE_STRINGS_H 1
| #define HAVE_INTTYPES_H 1
| #define HAVE_STDINT_H 1
| #define HAVE_UNISTD_H 1
| #define HAVE_STRING_H 1
| #define HAVE_MEMORY_H 1
| #define HAVE_SYS_TIME_H 1
| #define HAVE_UNISTD_H 1
| #define HAVE_SYS_STAT_H 1
| #define HAVE_SYS_TYPES_H 1
| #define HAVE_SYS_SOCKET_H 1
| #define HAVE_SYS_UN_H 1
| #define HAVE_NETINET_IN_H 1
| #define HAVE_NETINET_TCP_H 1
| #define BS_LITTLE_ENDIAN 1
| #define TIME_WITH_SYS_TIME 1
| /* end confdefs.h.  */
| #include <stdio.h>
| #ifdef HAVE_SYS_TYPES_H
| # include <sys/types.h>
| #endif
| #ifdef HAVE_SYS_STAT_H
| # include <sys/stat.h>
| #endif
| #ifdef STDC_HEADERS
| # include <stdlib.h>
| # include <stddef.h>
| #else
| # ifdef HAVE_STDLIB_H
| #  include <stdlib.h>
| # endif
| #endif
| #ifdef HAVE_STRING_H
| # if !defined STDC_HEADERS && defined HAVE_MEMORY_H
| #  include <memory.h>
| # endif
| # include <string.h>
| #endif
| #ifdef HAVE_STRINGS_H
| # include <strings.h>
| #endif
| #ifdef HAVE_INTTYPES_H
| # include <inttypes.h>
| #endif
| #ifdef HAVE_STDINT_H
| # include <stdint.h>
| #endif
| #ifdef HAVE_UNISTD_H
| # include <unistd.h>
| #endif
| int
| main ()
| {
| if (sizeof ((pid_t)))
| 	    return 0;
|   ;
|   return 0;
| }
configure:4056: result: yes
configure:4069: checking vfork.h usability
configure:4069: gcc -c -fPIC -pthread -I"/opt/logicmoo_workspace/lib/swipl/include" -I/include  conftest.c >&5
conftest.c:65:10: fatal error: vfork.h: No such file or directory
 #include <vfork.h>
          ^~~~~~~~~
compilation terminated.
configure:4069: $? = 1
configure: failed program was:
| /* confdefs.h */
| #define PACKAGE_NAME "Rserve-cxx-client"
| #define PACKAGE_TARNAME "rserve-cxx-client"
| #define PACKAGE_VERSION "0.1"
| #define PACKAGE_STRING "Rserve-cxx-client 0.1"
| #define PACKAGE_BUGREPORT "Simon.Urbanek@r-project.org"
| #define PACKAGE_URL ""
| #define STDC_HEADERS 1
| #define HAVE_SYS_WAIT_H 1
| #define HAVE_SYS_TYPES_H 1
| #define HAVE_SYS_STAT_H 1
| #define HAVE_STDLIB_H 1
| #define HAVE_STRING_H 1
| #define HAVE_MEMORY_H 1
| #define HAVE_STRINGS_H 1
| #define HAVE_INTTYPES_H 1
| #define HAVE_STDINT_H 1
| #define HAVE_UNISTD_H 1
| #define HAVE_STRING_H 1
| #define HAVE_MEMORY_H 1
| #define HAVE_SYS_TIME_H 1
| #define HAVE_UNISTD_H 1
| #define HAVE_SYS_STAT_H 1
| #define HAVE_SYS_TYPES_H 1
| #define HAVE_SYS_SOCKET_H 1
| #define HAVE_SYS_UN_H 1
| #define HAVE_NETINET_IN_H 1
| #define HAVE_NETINET_TCP_H 1
| #define BS_LITTLE_ENDIAN 1
| #define TIME_WITH_SYS_TIME 1
| /* end confdefs.h.  */
| #include <stdio.h>
| #ifdef HAVE_SYS_TYPES_H
| # include <sys/types.h>
| #endif
| #ifdef HAVE_SYS_STAT_H
| # include <sys/stat.h>
| #endif
| #ifdef STDC_HEADERS
| # include <stdlib.h>
| # include <stddef.h>
| #else
| # ifdef HAVE_STDLIB_H
| #  include <stdlib.h>
| # endif
| #endif
| #ifdef HAVE_STRING_H
| # if !defined STDC_HEADERS && defined HAVE_MEMORY_H
| #  include <memory.h>
| # endif
| # include <string.h>
| #endif
| #ifdef HAVE_STRINGS_H
| # include <strings.h>
| #endif
| #ifdef HAVE_INTTYPES_H
| # include <inttypes.h>
| #endif
| #ifdef HAVE_STDINT_H
| # include <stdint.h>
| #endif
| #ifdef HAVE_UNISTD_H
| # include <unistd.h>
| #endif
| #include <vfork.h>
configure:4069: result: no
configure:4069: checking vfork.h presence
configure:4069: gcc -E  conftest.c
conftest.c:32:10: fatal error: vfork.h: No such file or directory
 #include <vfork.h>
          ^~~~~~~~~
compilation terminated.
configure:4069: $? = 1
configure: failed program was:
| /* confdefs.h */
| #define PACKAGE_NAME "Rserve-cxx-client"
| #define PACKAGE_TARNAME "rserve-cxx-client"
| #define PACKAGE_VERSION "0.1"
| #define PACKAGE_STRING "Rserve-cxx-client 0.1"
| #define PACKAGE_BUGREPORT "Simon.Urbanek@r-project.org"
| #define PACKAGE_URL ""
| #define STDC_HEADERS 1
| #define HAVE_SYS_WAIT_H 1
| #define HAVE_SYS_TYPES_H 1
| #define HAVE_SYS_STAT_H 1
| #define HAVE_STDLIB_H 1
| #define HAVE_STRING_H 1
| #define HAVE_MEMORY_H 1
| #define HAVE_STRINGS_H 1
| #define HAVE_INTTYPES_H 1
| #define HAVE_STDINT_H 1
| #define HAVE_UNISTD_H 1
| #define HAVE_STRING_H 1
| #define HAVE_MEMORY_H 1
| #define HAVE_SYS_TIME_H 1
| #define HAVE_UNISTD_H 1
| #define HAVE_SYS_STAT_H 1
| #define HAVE_SYS_TYPES_H 1
| #define HAVE_SYS_SOCKET_H 1
| #define HAVE_SYS_UN_H 1
| #define HAVE_NETINET_IN_H 1
| #define HAVE_NETINET_TCP_H 1
| #define BS_LITTLE_ENDIAN 1
| #define TIME_WITH_SYS_TIME 1
| /* end confdefs.h.  */
| #include <vfork.h>
configure:4069: result: no
configure:4069: checking for vfork.h
configure:4069: result: no
configure:4082: checking for fork
configure:4082: gcc -o conftest -fPIC -pthread -I"/opt/logicmoo_workspace/lib/swipl/include" -I/include   conftest.c  >&5
conftest.c:55:6: warning: conflicting types for built-in function 'fork' [-Wbuiltin-declaration-mismatch]
 char fork ();
      ^~~~
configure:4082: $? = 0
configure:4082: result: yes
configure:4082: checking for vfork
configure:4082: gcc -o conftest -fPIC -pthread -I"/opt/logicmoo_workspace/lib/swipl/include" -I/include   conftest.c  >&5
configure:4082: $? = 0
configure:4082: result: yes
configure:4092: checking for working fork
configure:4114: gcc -o conftest -fPIC -pthread -I"/opt/logicmoo_workspace/lib/swipl/include" -I/include   conftest.c  >&5
configure:4114: $? = 0
configure:4114: ./conftest
configure:4114: $? = 0
configure:4124: result: yes
configure:4145: checking for working vfork
configure:4255: result: yes
configure:4280: checking return type of signal handlers
configure:4298: gcc -c -fPIC -pthread -I"/opt/logicmoo_workspace/lib/swipl/include" -I/include  conftest.c >&5
conftest.c: In function 'main':
conftest.c:42:10: error: void value not ignored as it ought to be
 return *(signal (0, 0)) (0) == 1;
         ~^~~~~~~~~~~~~~~~~~
configure:4298: $? = 1
configure: failed program was:
| /* confdefs.h */
| #define PACKAGE_NAME "Rserve-cxx-client"
| #define PACKAGE_TARNAME "rserve-cxx-client"
| #define PACKAGE_VERSION "0.1"
| #define PACKAGE_STRING "Rserve-cxx-client 0.1"
| #define PACKAGE_BUGREPORT "Simon.Urbanek@r-project.org"
| #define PACKAGE_URL ""
| #define STDC_HEADERS 1
| #define HAVE_SYS_WAIT_H 1
| #define HAVE_SYS_TYPES_H 1
| #define HAVE_SYS_STAT_H 1
| #define HAVE_STDLIB_H 1
| #define HAVE_STRING_H 1
| #define HAVE_MEMORY_H 1
| #define HAVE_STRINGS_H 1
| #define HAVE_INTTYPES_H 1
| #define HAVE_STDINT_H 1
| #define HAVE_UNISTD_H 1
| #define HAVE_STRING_H 1
| #define HAVE_MEMORY_H 1
| #define HAVE_SYS_TIME_H 1
| #define HAVE_UNISTD_H 1
| #define HAVE_SYS_STAT_H 1
| #define HAVE_SYS_TYPES_H 1
| #define HAVE_SYS_SOCKET_H 1
| #define HAVE_SYS_UN_H 1
| #define HAVE_NETINET_IN_H 1
| #define HAVE_NETINET_TCP_H 1
| #define BS_LITTLE_ENDIAN 1
| #define TIME_WITH_SYS_TIME 1
| #define HAVE_FORK 1
| #define HAVE_VFORK 1
| #define HAVE_WORKING_VFORK 1
| #define HAVE_WORKING_FORK 1
| /* end confdefs.h.  */
| #include <sys/types.h>
| #include <signal.h>
| 
| int
| main ()
| {
| return *(signal (0, 0)) (0) == 1;
|   ;
|   return 0;
| }
configure:4305: result: void
configure:4316: checking for memset
configure:4316: gcc -o conftest -fPIC -pthread -I"/opt/logicmoo_workspace/lib/swipl/include" -I/include   conftest.c  >&5
conftest.c:60:6: warning: conflicting types for built-in function 'memset' [-Wbuiltin-declaration-mismatch]
 char memset ();
      ^~~~~~
configure:4316: $? = 0
configure:4316: result: yes
configure:4316: checking for mkdir
configure:4316: gcc -o conftest -fPIC -pthread -I"/opt/logicmoo_workspace/lib/swipl/include" -I/include   conftest.c  >&5
configure:4316: $? = 0
configure:4316: result: yes
configure:4316: checking for rmdir
configure:4316: gcc -o conftest -fPIC -pthread -I"/opt/logicmoo_workspace/lib/swipl/include" -I/include   conftest.c  >&5
configure:4316: $? = 0
configure:4316: result: yes
configure:4316: checking for select
configure:4316: gcc -o conftest -fPIC -pthread -I"/opt/logicmoo_workspace/lib/swipl/include" -I/include   conftest.c  >&5
configure:4316: $? = 0
configure:4316: result: yes
configure:4316: checking for socket
configure:4316: gcc -o conftest -fPIC -pthread -I"/opt/logicmoo_workspace/lib/swipl/include" -I/include   conftest.c  >&5
configure:4316: $? = 0
configure:4316: result: yes
configure:4327: checking for library containing crypt
configure:4358: gcc -o conftest -fPIC -pthread -I"/opt/logicmoo_workspace/lib/swipl/include" -I/include   conftest.c  >&5
/usr/bin/ld: /tmp/cci981uF.o: in function `main':
conftest.c:(.text+0xa): undefined reference to `crypt'
collect2: error: ld returned 1 exit status
configure:4358: $? = 1
configure: failed program was:
| /* confdefs.h */
| #define PACKAGE_NAME "Rserve-cxx-client"
| #define PACKAGE_TARNAME "rserve-cxx-client"
| #define PACKAGE_VERSION "0.1"
| #define PACKAGE_STRING "Rserve-cxx-client 0.1"
| #define PACKAGE_BUGREPORT "Simon.Urbanek@r-project.org"
| #define PACKAGE_URL ""
| #define STDC_HEADERS 1
| #define HAVE_SYS_WAIT_H 1
| #define HAVE_SYS_TYPES_H 1
| #define HAVE_SYS_STAT_H 1
| #define HAVE_STDLIB_H 1
| #define HAVE_STRING_H 1
| #define HAVE_MEMORY_H 1
| #define HAVE_STRINGS_H 1
| #define HAVE_INTTYPES_H 1
| #define HAVE_STDINT_H 1
| #define HAVE_UNISTD_H 1
| #define HAVE_STRING_H 1
| #define HAVE_MEMORY_H 1
| #define HAVE_SYS_TIME_H 1
| #define HAVE_UNISTD_H 1
| #define HAVE_SYS_STAT_H 1
| #define HAVE_SYS_TYPES_H 1
| #define HAVE_SYS_SOCKET_H 1
| #define HAVE_SYS_UN_H 1
| #define HAVE_NETINET_IN_H 1
| #define HAVE_NETINET_TCP_H 1
| #define BS_LITTLE_ENDIAN 1
| #define TIME_WITH_SYS_TIME 1
| #define HAVE_FORK 1
| #define HAVE_VFORK 1
| #define HAVE_WORKING_VFORK 1
| #define HAVE_WORKING_FORK 1
| #define RETSIGTYPE void
| #define HAVE_MEMSET 1
| #define HAVE_MKDIR 1
| #define HAVE_RMDIR 1
| #define HAVE_SELECT 1
| #define HAVE_SOCKET 1
| /* end confdefs.h.  */
| 
| /* Override any GCC internal prototype to avoid an error.
|    Use char because int might match the return type of a GCC
|    builtin and then its argument prototype would still apply.  */
| #ifdef __cplusplus
| extern "C"
| #endif
| char crypt ();
| int
| main ()
| {
| return crypt ();
|   ;
|   return 0;
| }
configure:4358: gcc -o conftest -fPIC -pthread -I"/opt/logicmoo_workspace/lib/swipl/include" -I/include   conftest.c -lcrypt   >&5
configure:4358: $? = 0
configure:4375: result: -lcrypt
configure:4387: checking crypt.h usability
configure:4387: gcc -c -fPIC -pthread -I"/opt/logicmoo_workspace/lib/swipl/include" -I/include  conftest.c >&5
configure:4387: $? = 0
configure:4387: result: yes
configure:4387: checking crypt.h presence
configure:4387: gcc -E  conftest.c
configure:4387: $? = 0
configure:4387: result: yes
configure:4387: checking for crypt.h
configure:4387: result: yes
configure:4402: checking for socklen_t
configure:4402: gcc -c -fPIC -pthread -I"/opt/logicmoo_workspace/lib/swipl/include" -I/include  conftest.c >&5
configure:4402: $? = 0
configure:4402: gcc -c -fPIC -pthread -I"/opt/logicmoo_workspace/lib/swipl/include" -I/include  conftest.c >&5
conftest.c: In function 'main':
conftest.c:52:24: error: expected expression before ')' token
 if (sizeof ((socklen_t)))
                        ^
configure:4402: $? = 1
configure: failed program was:
| /* confdefs.h */
| #define PACKAGE_NAME "Rserve-cxx-client"
| #define PACKAGE_TARNAME "rserve-cxx-client"
| #define PACKAGE_VERSION "0.1"
| #define PACKAGE_STRING "Rserve-cxx-client 0.1"
| #define PACKAGE_BUGREPORT "Simon.Urbanek@r-project.org"
| #define PACKAGE_URL ""
| #define STDC_HEADERS 1
| #define HAVE_SYS_WAIT_H 1
| #define HAVE_SYS_TYPES_H 1
| #define HAVE_SYS_STAT_H 1
| #define HAVE_STDLIB_H 1
| #define HAVE_STRING_H 1
| #define HAVE_MEMORY_H 1
| #define HAVE_STRINGS_H 1
| #define HAVE_INTTYPES_H 1
| #define HAVE_STDINT_H 1
| #define HAVE_UNISTD_H 1
| #define HAVE_STRING_H 1
| #define HAVE_MEMORY_H 1
| #define HAVE_SYS_TIME_H 1
| #define HAVE_UNISTD_H 1
| #define HAVE_SYS_STAT_H 1
| #define HAVE_SYS_TYPES_H 1
| #define HAVE_SYS_SOCKET_H 1
| #define HAVE_SYS_UN_H 1
| #define HAVE_NETINET_IN_H 1
| #define HAVE_NETINET_TCP_H 1
| #define BS_LITTLE_ENDIAN 1
| #define TIME_WITH_SYS_TIME 1
| #define HAVE_FORK 1
| #define HAVE_VFORK 1
| #define HAVE_WORKING_VFORK 1
| #define HAVE_WORKING_FORK 1
| #define RETSIGTYPE void
| #define HAVE_MEMSET 1
| #define HAVE_MKDIR 1
| #define HAVE_RMDIR 1
| #define HAVE_SELECT 1
| #define HAVE_SOCKET 1
| #define HAS_CRYPT 1
| #define HAVE_CRYPT_H 1
| /* end confdefs.h.  */
| 
| #include <sys/types.h>
| #include <sys/socket.h>
| 
| 
| int
| main ()
| {
| if (sizeof ((socklen_t)))
| 	    return 0;
|   ;
|   return 0;
| }
configure:4402: result: yes
configure:4418: checking for connect
configure:4418: gcc -o conftest -fPIC -pthread -I"/opt/logicmoo_workspace/lib/swipl/include" -I/include   conftest.c -lcrypt  >&5
configure:4418: $? = 0
configure:4418: result: yes
configure:4631: checking for dlopen in -ldl
configure:4656: gcc -o conftest -fPIC -pthread -I"/opt/logicmoo_workspace/lib/swipl/include" -I/include   conftest.c -ldl  -lcrypt  >&5
configure:4656: $? = 0
configure:4665: result: yes
configure:4786: creating ./config.status

## ---------------------- ##
## Running config.status. ##
## ---------------------- ##

This file was extended by Rserve-cxx-client config.status 0.1, which was
generated by GNU Autoconf 2.69.  Invocation command line was

  CONFIG_FILES    = 
  CONFIG_HEADERS  = 
  CONFIG_LINKS    = 
  CONFIG_COMMANDS = 
  $ ./config.status 

on debian10

config.status:824: creating Makefile
config.status:824: creating config.h

## ---------------- ##
## Cache variables. ##
## ---------------- ##

ac_cv_c_bigendian=no
ac_cv_c_compiler_gnu=yes
ac_cv_c_const=yes
ac_cv_cxx_compiler_gnu=yes
ac_cv_env_CCC_set=
ac_cv_env_CCC_value=
ac_cv_env_CC_set=set
ac_cv_env_CC_value=gcc
ac_cv_env_CFLAGS_set=set
ac_cv_env_CFLAGS_value='-fPIC -pthread -I"/opt/logicmoo_workspace/lib/swipl/include" -I/include'
ac_cv_env_CPPFLAGS_set=
ac_cv_env_CPPFLAGS_value=
ac_cv_env_CPP_set=
ac_cv_env_CPP_value=
ac_cv_env_CXXFLAGS_set=
ac_cv_env_CXXFLAGS_value=
ac_cv_env_CXX_set=
ac_cv_env_CXX_value=
ac_cv_env_LDFLAGS_set=
ac_cv_env_LDFLAGS_value=
ac_cv_env_LIBS_set=
ac_cv_env_LIBS_value=
ac_cv_env_build_alias_set=
ac_cv_env_build_alias_value=
ac_cv_env_host_alias_set=
ac_cv_env_host_alias_value=
ac_cv_env_target_alias_set=
ac_cv_env_target_alias_value=
ac_cv_func_connect=yes
ac_cv_func_fork=yes
ac_cv_func_fork_works=yes
ac_cv_func_memset=yes
ac_cv_func_mkdir=yes
ac_cv_func_rmdir=yes
ac_cv_func_select=yes
ac_cv_func_socket=yes
ac_cv_func_vfork=yes
ac_cv_func_vfork_works=yes
ac_cv_header_crypt_h=yes
ac_cv_header_inttypes_h=yes
ac_cv_header_memory_h=yes
ac_cv_header_netinet_in_h=yes
ac_cv_header_netinet_tcp_h=yes
ac_cv_header_stdc=yes
ac_cv_header_stdint_h=yes
ac_cv_header_stdlib_h=yes
ac_cv_header_string_h=yes
ac_cv_header_strings_h=yes
ac_cv_header_sys_socket_h=yes
ac_cv_header_sys_stat_h=yes
ac_cv_header_sys_time_h=yes
ac_cv_header_sys_types_h=yes
ac_cv_header_sys_un_h=yes
ac_cv_header_sys_wait_h=yes
ac_cv_header_time=yes
ac_cv_header_unistd_h=yes
ac_cv_header_vfork_h=no
ac_cv_lib_dl_dlopen=yes
ac_cv_objext=o
ac_cv_path_EGREP='/usr/bin/grep -E'
ac_cv_path_GREP=/usr/bin/grep
ac_cv_prog_CPP='gcc -E'
ac_cv_prog_ac_ct_CC=gcc
ac_cv_prog_ac_ct_CXX=g++
ac_cv_prog_cc_c89=
ac_cv_prog_cc_g=yes
ac_cv_prog_cxx_g=yes
ac_cv_search_crypt=-lcrypt
ac_cv_type_pid_t=yes
ac_cv_type_signal=void
ac_cv_type_socklen_t=yes

## ----------------- ##
## Output variables. ##
## ----------------- ##

CC='gcc'
CFLAGS='-fPIC -pthread -I"/opt/logicmoo_workspace/lib/swipl/include" -I/include'
CPP='gcc -E'
CPPFLAGS=''
CXX='g++'
CXXFLAGS='-g -O2'
DEFS='-DHAVE_CONFIG_H'
ECHO_C=''
ECHO_N='-n'
ECHO_T=''
EGREP='/usr/bin/grep -E'
EXEEXT=''
GREP='/usr/bin/grep'
LDFLAGS=''
LIBOBJS=''
LIBS='-ldl -lcrypt '
LTLIBOBJS=''
OBJEXT='o'
PACKAGE_BUGREPORT='Simon.Urbanek@r-project.org'
PACKAGE_NAME='Rserve-cxx-client'
PACKAGE_STRING='Rserve-cxx-client 0.1'
PACKAGE_TARNAME='rserve-cxx-client'
PACKAGE_URL=''
PACKAGE_VERSION='0.1'
PATH_SEPARATOR=':'
SHELL='/bin/bash'
ac_ct_CC='gcc'
ac_ct_CXX='g++'
bindir='${exec_prefix}/bin'
build_alias=''
datadir='${datarootdir}'
datarootdir='${prefix}/share'
docdir='${datarootdir}/doc/${PACKAGE_TARNAME}'
dvidir='${docdir}'
exec_prefix='${prefix}'
host_alias=''
htmldir='${docdir}'
includedir='${prefix}/include'
infodir='${datarootdir}/info'
libdir='${exec_prefix}/lib'
libexecdir='${exec_prefix}/libexec'
localedir='${datarootdir}/locale'
localstatedir='${prefix}/var'
mandir='${datarootdir}/man'
oldincludedir='/usr/include'
pdfdir='${docdir}'
prefix='/usr/local'
program_transform_name='s,x,x,'
psdir='${docdir}'
runstatedir='${localstatedir}/run'
sbindir='${exec_prefix}/sbin'
sharedstatedir='${prefix}/com'
sysconfdir='${prefix}/etc'
target_alias=''

## ----------- ##
## confdefs.h. ##
## ----------- ##

/* confdefs.h */
#define PACKAGE_NAME "Rserve-cxx-client"
#define PACKAGE_TARNAME "rserve-cxx-client"
#define PACKAGE_VERSION "0.1"
#define PACKAGE_STRING "Rserve-cxx-client 0.1"
#define PACKAGE_BUGREPORT "Simon.Urbanek@r-project.org"
#define PACKAGE_URL ""
#define STDC_HEADERS 1
#define HAVE_SYS_WAIT_H 1
#define HAVE_SYS_TYPES_H 1
#define HAVE_SYS_STAT_H 1
#define HAVE_STDLIB_H 1
#define HAVE_STRING_H 1
#define HAVE_MEMORY_H 1
#define HAVE_STRINGS_H 1
#define HAVE_INTTYPES_H 1
#define HAVE_STDINT_H 1
#define HAVE_UNISTD_H 1
#define HAVE_STRING_H 1
#define HAVE_MEMORY_H 1
#define HAVE_SYS_TIME_H 1
#define HAVE_UNISTD_H 1
#define HAVE_SYS_STAT_H 1
#define HAVE_SYS_TYPES_H 1
#define HAVE_SYS_SOCKET_H 1
#define HAVE_SYS_UN_H 1
#define HAVE_NETINET_IN_H 1
#define HAVE_NETINET_TCP_H 1
#define BS_LITTLE_ENDIAN 1
#define TIME_WITH_SYS_TIME 1
#define HAVE_FORK 1
#define HAVE_VFORK 1
#define HAVE_WORKING_VFORK 1
#define HAVE_WORKING_FORK 1
#define RETSIGTYPE void
#define HAVE_MEMSET 1
#define HAVE_MKDIR 1
#define HAVE_RMDIR 1
#define HAVE_SELECT 1
#define HAVE_SOCKET 1
#define HAS_CRYPT 1
#define HAVE_CRYPT_H 1
#define HAVE_CONNECT 1
#define HAVE_LIBDL 1

configure: exit 0
