mixed-f2-p1-u0-v0-g0-a0-n0-a0-b0-n0-f0-r0 0.000 4 1921024 4 (up f0 f1) (board f1 p0) (down f1 f0) (depart f0 p0)
mixed-f2-p1-u0-v0-g0-a0-n0-a0-b0-n0-f0-r1 0.000 4 1921024 3 (board f0 p0) (up f0 f1) (depart f1 p0)
mixed-f2-p1-u0-v0-g0-a0-n0-a0-b0-n0-f0-r2 0.000 4 1921024 4 (up f0 f1) (board f1 p0) (down f1 f0) (depart f0 p0)
mixed-f2-p1-u0-v0-g0-a0-n0-a0-b0-n0-f0-r3 0.000 4 1921024 4 (up f0 f1) (board f1 p0) (down f1 f0) (depart f0 p0)
mixed-f2-p1-u0-v0-g0-a0-n0-a0-b0-n0-f0-r4 0.000 4 1921024 4 (up f0 f1) (board f1 p0) (down f1 f0) (depart f0 p0)
mixed-f2-p1-u0-v0-g0-a0-n0-a0-b0-n0-f0-r0 0.000 4 1921024 4 (up f0 f1) (board f1 p0) (down f1 f0) (depart f0 p0)
mixed-f4-p2-u0-v0-g0-a0-n0-a0-b0-n0-f0-r0 0.030 24 2007040 9 (up f0 f3) (board f3 p0) (down f3 f1) (board f1 p1) (down f1 f0) (up f0 f3) (depart f3 p1) (down f3 f2) (depart f2 p0)
mixed-f4-p2-u0-v0-g0-a0-n0-a0-b0-n0-f0-r1 0.030 22 2007040 7 (board f0 p0) (up f0 f3) (board f3 p1) (down f3 f0) (depart f0 p1) (up f0 f1) (depart f1 p0)
mixed-f4-p2-u0-v0-g0-a0-n0-a0-b0-n0-f0-r2 0.020 20 1921024 7 (board f0 p1) (up f0 f3) (board f3 p0) (down f3 f0) (depart f0 p0) (up f0 f2) (depart f2 p1)
mixed-f4-p2-u0-v0-g0-a0-n0-a0-b0-n0-f0-r3 0.020 20 2007040 7 (up f0 f1) (board f1 p0) (up f1 f2) (board f2 p1) (up f2 f3) (depart f3 p1) (depart f3 p0)
mixed-f4-p2-u0-v0-g0-a0-n0-a0-b0-n0-f0-r4 0.040 27 2007040 8 (up f0 f2) (board f2 p1) (up f2 f3) (board f3 p0) (down f3 f0) (depart f0 p1) (up f0 f2) (depart f2 p0)
mixed-f6-p3-u0-v0-g0-a0-n0-a0-b0-n0-f0-r0 0.720 167 2371584 10 (up f0 f3) (board f3 p1) (up f3 f5) (board f5 p2) (down f5 f1) (board f1 p0) (depart f1 p2) (depart f1 p1) (up f1 f4) (depart f4 p0)
mixed-f6-p3-u0-v0-g0-a0-n0-a0-b0-n0-f0-r1 1.320 275 2740224 17 (up f0 f5) (board f5 p1) (down f5 f3) (down f3 f0) (up f0 f2) (board f2 p0) (up f2 f4) (board f4 p2) (down f4 f2) (down f2 f0) (up f0 f5) (depart f5 p0) (down f5 f0) (up f0 f2) (depart f2 p1) (down f2 f1) (depart f1 p2)
mixed-f6-p3-u0-v0-g0-a0-n0-a0-b0-n0-f0-r2 0.580 145 2371584 11 (up f0 f1) (board f1 p0) (down f1 f0) (up f0 f3) (board f3 p2) (up f3 f4) (board f4 p1) (down f4 f0) (depart f0 p1) (depart f0 p0) (depart f0 p2)
mixed-f6-p3-u0-v0-g0-a0-n0-a0-b0-n0-f0-r3 0.880 216 2740224 12 (board f0 p2) (up f0 f5) (board f5 p0) (down f5 f1) (board f1 p1) (down f1 f0) (up f0 f3) (depart f3 p1) (up f3 f5) (depart f5 p2) (down f5 f0) (depart f0 p0)
mixed-f6-p3-u0-v0-g0-a0-n0-a0-b0-n0-f0-r4 0.430 111 2371584 11 (board f0 p2) (up f0 f2) (board f2 p1) (up f2 f3) (board f3 p0) (down f3 f0) (up f0 f4) (depart f4 p2) (down f4 f0) (depart f0 p1) (depart f0 p0)
mixed-f8-p4-u0-v0-g0-a0-n0-a0-b0-n0-f0-r0 197.260 3684 30052352 21 (up f0 f7) (board f7 p0) (down f7 f2) (board f2 p3) (down f2 f0) (up f0 f1) (board f1 p1) (board f1 p2) (down f1 f0) (up f0 f7) (depart f7 p2) (down f7 f1) (down f1 f0) (up f0 f4) (depart f4 p3) (down f4 f1) (down f1 f0) (up f0 f6) (depart f6 p0) (down f6 f3) (depart f3 p1)
mixed-f8-p4-u0-v0-g0-a0-n0-a0-b0-n0-f0-r1 67.080 1935 19206144 17 (board f0 p0) (board f0 p2) (up f0 f1) (board f1 p3) (down f1 f0) (up f0 f7) (board f7 p1) (depart f7 p2) (down f7 f0) (up f0 f6) (depart f6 p3) (down f6 f3) (down f3 f1) (up f1 f5) (depart f5 p0) (down f5 f4) (depart f4 p1)
mixed-f8-p4-u0-v0-g0-a0-n0-a0-b0-n0-f0-r2 337.260 5057 47620096 20 (up f0 f1) (board f1 p2) (down f1 f0) (up f0 f6) (board f6 p3) (down f6 f1) (up f1 f4) (board f4 p1) (down f4 f1) (up f1 f3) (board f3 p0) (down f3 f2) (depart f2 p1) (down f2 f1) (down f1 f0) (depart f0 p0) (up f0 f7) (depart f7 p3) (down f7 f6) (depart f6 p2)
mixed-f8-p4-u0-v0-g0-a0-n0-a0-b0-n0-f0-r3 354.690 5372 75857920 23 (up f0 f3) (board f3 p2) (up f3 f6) (board f6 p1) (down f6 f3) (down f3 f2) (down f2 f0) (up f0 f5) (board f5 p3) (down f5 f3) (down f3 f2) (down f2 f1) (board f1 p0) (down f1 f0) (up f0 f7) (depart f7 p0) (down f7 f5) (down f5 f4) (depart f4 p2) (down f4 f3) (depart f3 p1) (down f3 f0) (depart f0 p3)
mixed-f8-p4-u0-v0-g0-a0-n0-a0-b0-n0-f0-r4 292.340 4714 47620096 21 (up f0 f5) (board f5 p3) (up f5 f6) (board f6 p2) (down f6 f5) (down f5 f4) (down f4 f3) (down f3 f2) (board f2 p1) (up f2 f7) (board f7 p0) (down f7 f0) (up f0 f3) (depart f3 p2) (down f3 f0) (up f0 f2) (depart f2 p0) (down f2 f1) (depart f1 p3) (up f1 f4) (depart f4 p1)
