mixed-f2-p1-u0-v0-g0-a0-n0-a0-b0-n0-f0-r0 0.010 4 1921024 4 (up f0 f1) (board f1 p0) (down f1 f0) (depart f0 p0)
mixed-f2-p1-u0-v0-g0-a0-n0-a0-b0-n0-f0-r1 0.000 4 1921024 3 (board f0 p0) (up f0 f1) (depart f1 p0)
mixed-f2-p1-u0-v0-g0-a0-n0-a0-b0-n0-f0-r2 0.000 4 1921024 4 (up f0 f1) (board f1 p0) (down f1 f0) (depart f0 p0)
mixed-f2-p1-u0-v0-g0-a0-n0-a0-b0-n0-f0-r3 0.000 4 1921024 4 (up f0 f1) (board f1 p0) (down f1 f0) (depart f0 p0)
mixed-f2-p1-u0-v0-g0-a0-n0-a0-b0-n0-f0-r4 0.000 4 1921024 4 (up f0 f1) (board f1 p0) (down f1 f0) (depart f0 p0)
mixed-f2-p1-u0-v0-g0-a0-n0-a0-b0-n0-f0-r0 0.000 4 1921024 4 (up f0 f1) (board f1 p0) (down f1 f0) (depart f0 p0)
mixed-f4-p2-u0-v0-g0-a0-n0-a0-b0-n0-f0-r0 0.010 33 2007040 7 (up f0 f1) (board f1 p1) (up f1 f3) (board f3 p0) (depart f3 p1) (down f3 f2) (depart f2 p0)
mixed-f4-p2-u0-v0-g0-a0-n0-a0-b0-n0-f0-r1 0.010 39 2007040 7 (board f0 p0) (up f0 f1) (depart f1 p0) (up f1 f3) (board f3 p1) (down f3 f0) (depart f0 p1)
mixed-f4-p2-u0-v0-g0-a0-n0-a0-b0-n0-f0-r2 0.010 39 2007040 7 (board f0 p1) (up f0 f2) (depart f2 p1) (up f2 f3) (board f3 p0) (down f3 f0) (depart f0 p0)
mixed-f4-p2-u0-v0-g0-a0-n0-a0-b0-n0-f0-r3 0.010 30 2007040 7 (up f0 f1) (board f1 p0) (up f1 f2) (board f2 p1) (up f2 f3) (depart f3 p0) (depart f3 p1)
mixed-f4-p2-u0-v0-g0-a0-n0-a0-b0-n0-f0-r4 0.020 37 2007040 7 (up f0 f3) (board f3 p0) (down f3 f2) (board f2 p1) (depart f2 p0) (down f2 f0) (depart f0 p1)
mixed-f6-p3-u0-v0-g0-a0-n0-a0-b0-n0-f0-r0 0.430 242 2371584 10 (up f0 f3) (board f3 p1) (up f3 f5) (board f5 p2) (down f5 f1) (board f1 p0) (depart f1 p1) (depart f1 p2) (up f1 f4) (depart f4 p0)
mixed-f6-p3-u0-v0-g0-a0-n0-a0-b0-n0-f0-r1 0.480 260 2371584 11 (up f0 f2) (board f2 p0) (up f2 f4) (board f4 p2) (down f4 f1) (depart f1 p2) (up f1 f5) (board f5 p1) (depart f5 p0) (down f5 f2) (depart f2 p1)
mixed-f6-p3-u0-v0-g0-a0-n0-a0-b0-n0-f0-r2 0.370 224 2371584 10 (up f0 f1) (board f1 p0) (up f1 f3) (board f3 p2) (up f3 f4) (board f4 p1) (down f4 f0) (depart f0 p0) (depart f0 p1) (depart f0 p2)
mixed-f6-p3-u0-v0-g0-a0-n0-a0-b0-n0-f0-r3 0.460 245 2371584 10 (board f0 p2) (up f0 f1) (board f1 p1) (up f1 f3) (depart f3 p1) (up f3 f5) (board f5 p0) (depart f5 p2) (down f5 f0) (depart f0 p0)
mixed-f6-p3-u0-v0-g0-a0-n0-a0-b0-n0-f0-r4 0.430 242 2371584 10 (board f0 p2) (up f0 f2) (board f2 p1) (up f2 f3) (board f3 p0) (down f3 f0) (depart f0 p0) (depart f0 p1) (up f0 f4) (depart f4 p2)
mixed-f8-p4-u0-v0-g0-a0-n0-a0-b0-n0-f0-r0 18.850 1410 8462336 14 (up f0 f1) (board f1 p1) (board f1 p2) (up f1 f2) (board f2 p3) (up f2 f3) (depart f3 p1) (up f3 f4) (depart f4 p3) (up f4 f7) (board f7 p0) (depart f7 p2) (down f7 f6) (depart f6 p0)
mixed-f8-p4-u0-v0-g0-a0-n0-a0-b0-n0-f0-r1 18.780 1402 8462336 13 (board f0 p0) (board f0 p2) (up f0 f1) (board f1 p3) (up f1 f5) (depart f5 p0) (up f5 f6) (depart f6 p3) (up f6 f7) (board f7 p1) (depart f7 p2) (down f7 f4) (depart f4 p1)
mixed-f8-p4-u0-v0-g0-a0-n0-a0-b0-n0-f0-r2 20.380 1472 8531968 15 (up f0 f1) (board f1 p2) (up f1 f3) (board f3 p0) (down f3 f0) (depart f0 p0) (up f0 f4) (board f4 p1) (down f4 f2) (depart f2 p1) (up f2 f6) (board f6 p3) (depart f6 p2) (up f6 f7) (depart f7 p3)
mixed-f8-p4-u0-v0-g0-a0-n0-a0-b0-n0-f0-r3 21.580 1517 8531968 15 (up f0 f1) (board f1 p0) (up f1 f5) (board f5 p3) (down f5 f0) (depart f0 p3) (up f0 f6) (board f6 p1) (down f6 f3) (board f3 p2) (depart f3 p1) (up f3 f4) (depart f4 p2) (up f4 f7) (depart f7 p0)
mixed-f8-p4-u0-v0-g0-a0-n0-a0-b0-n0-f0-r4 21.500 1536 8601600 15 (up f0 f5) (board f5 p3) (down f5 f1) (depart f1 p3) (up f1 f6) (board f6 p2) (down f6 f3) (depart f3 p2) (up f3 f7) (board f7 p0) (down f7 f2) (board f2 p1) (depart f2 p0) (up f2 f4) (depart f4 p1)
